<testng-results>
  <reporter-output>
  </reporter-output>
  <suite name="osl-java-bundle">
    <groups>
    </groups>
    <test name="org.openspotlight.bundle.dap.language.java.resolver.TestIntegratedMethodResolution">
      <class name="org.openspotlight.bundle.dap.language.java.resolver.TestIntegratedMethodResolution">
        <test-method status="PASS" signature="setupGraphSession()" name="setupGraphSession" is-config="true" duration-ms="1301" started-at="2009-10-07T11:25:54Z" finished-at="2009-10-07T11:25:55Z">
        </test-method>
        <test-method status="FAIL" signature="getMethodParameterizedByMethod()" name="getMethodParameterizedByMethod" duration-ms="21388" started-at="2009-10-07T11:24:57Z" finished-at="2009-10-07T11:25:18Z">
          <exception class="org.openspotlight.bundle.dap.language.java.resolver.SLBundleException">
            <full-stacktrace>
              <![CDATA[org.openspotlight.bundle.dap.language.java.resolver.SLBundleException
	at org.openspotlight.bundle.dap.language.java.resolver.MethodResolver.getMethod(MethodResolver.java:359)
	at org.openspotlight.bundle.dap.language.java.resolver.TestIntegratedMethodResolution.getMethodParameterizedByMethod(TestIntegratedMethodResolution.java:517)
	at sun.reflect.NativeMethodAccessorImpl.invoke0(Native Method)
	at sun.reflect.NativeMethodAccessorImpl.invoke(NativeMethodAccessorImpl.java:39)
	at sun.reflect.DelegatingMethodAccessorImpl.invoke(DelegatingMethodAccessorImpl.java:25)
	at java.lang.reflect.Method.invoke(Method.java:592)
	at org.testng.internal.MethodHelper.invokeMethod(MethodHelper.java:607)
	at org.testng.internal.Invoker.invokeMethod(Invoker.java:517)
	at org.testng.internal.Invoker.invokeTestMethod(Invoker.java:669)
	at org.testng.internal.Invoker.invokeTestMethods(Invoker.java:956)
	at org.testng.internal.TestMethodWorker.invokeTestMethods(TestMethodWorker.java:126)
	at org.testng.internal.TestMethodWorker.run(TestMethodWorker.java:110)
	at org.testng.TestRunner.runWorkers(TestRunner.java:759)
	at org.testng.TestRunner.privateRun(TestRunner.java:592)
	at org.testng.TestRunner.run(TestRunner.java:486)
	at org.testng.SuiteRunner.runTest(SuiteRunner.java:332)
	at org.testng.SuiteRunner.runSequentially(SuiteRunner.java:327)
	at org.testng.SuiteRunner.privateRun(SuiteRunner.java:299)
	at org.testng.SuiteRunner.run(SuiteRunner.java:204)
	at org.testng.TestNG.createAndRunSuiteRunners(TestNG.java:877)
	at org.testng.TestNG.runSuitesLocally(TestNG.java:842)
	at org.testng.TestNG.run(TestNG.java:751)
	at org.testng.remote.RemoteTestNG.run(RemoteTestNG.java:73)
	at org.testng.remote.RemoteTestNG.main(RemoteTestNG.java:124)
]]>
            </full-stacktrace>
          </exception>
        </test-method>
        <test-method status="PASS" signature="getMethodBetween5MatchesBoxingNotAllowed()" name="getMethodBetween5MatchesBoxingNotAllowed" duration-ms="12345" started-at="2009-10-07T11:25:41Z" finished-at="2009-10-07T11:25:53Z">
          <exception class="org.openspotlight.bundle.dap.language.java.resolver.SLBundleException">
            <full-stacktrace>
              <![CDATA[org.openspotlight.bundle.dap.language.java.resolver.SLBundleException
	at org.openspotlight.bundle.dap.language.java.resolver.MethodResolver.getMethod(MethodResolver.java:359)
	at org.openspotlight.bundle.dap.language.java.resolver.TestIntegratedMethodResolution.getMethodBetween5MatchesBoxingNotAllowed(TestIntegratedMethodResolution.java:366)
	at sun.reflect.NativeMethodAccessorImpl.invoke0(Native Method)
	at sun.reflect.NativeMethodAccessorImpl.invoke(NativeMethodAccessorImpl.java:39)
	at sun.reflect.DelegatingMethodAccessorImpl.invoke(DelegatingMethodAccessorImpl.java:25)
	at java.lang.reflect.Method.invoke(Method.java:592)
	at org.testng.internal.MethodHelper.invokeMethod(MethodHelper.java:607)
	at org.testng.internal.Invoker.invokeMethod(Invoker.java:517)
	at org.testng.internal.Invoker.invokeTestMethod(Invoker.java:669)
	at org.testng.internal.Invoker.invokeTestMethods(Invoker.java:956)
	at org.testng.internal.TestMethodWorker.invokeTestMethods(TestMethodWorker.java:126)
	at org.testng.internal.TestMethodWorker.run(TestMethodWorker.java:110)
	at org.testng.TestRunner.runWorkers(TestRunner.java:759)
	at org.testng.TestRunner.privateRun(TestRunner.java:592)
	at org.testng.TestRunner.run(TestRunner.java:486)
	at org.testng.SuiteRunner.runTest(SuiteRunner.java:332)
	at org.testng.SuiteRunner.runSequentially(SuiteRunner.java:327)
	at org.testng.SuiteRunner.privateRun(SuiteRunner.java:299)
	at org.testng.SuiteRunner.run(SuiteRunner.java:204)
	at org.testng.TestNG.createAndRunSuiteRunners(TestNG.java:877)
	at org.testng.TestNG.runSuitesLocally(TestNG.java:842)
	at org.testng.TestNG.run(TestNG.java:751)
	at org.testng.remote.RemoteTestNG.run(RemoteTestNG.java:73)
	at org.testng.remote.RemoteTestNG.main(RemoteTestNG.java:124)
]]>
            </full-stacktrace>
          </exception>
        </test-method>
        <test-method status="PASS" signature="afterTest()" name="afterTest" is-config="true" duration-ms="23" started-at="2009-10-07T11:27:42Z" finished-at="2009-10-07T11:27:42Z">
        </test-method>
        <test-method status="PASS" signature="afterTest()" name="afterTest" is-config="true" duration-ms="25" started-at="2009-10-07T11:27:45Z" finished-at="2009-10-07T11:27:45Z">
        </test-method>
        <test-method status="PASS" signature="setupGraphSession()" name="setupGraphSession" is-config="true" duration-ms="1291" started-at="2009-10-07T11:26:20Z" finished-at="2009-10-07T11:26:21Z">
        </test-method>
        <test-method status="PASS" signature="afterTest()" name="afterTest" is-config="true" duration-ms="16" started-at="2009-10-07T11:28:06Z" finished-at="2009-10-07T11:28:06Z">
        </test-method>
        <test-method status="PASS" signature="resolveMethodOnParentSecondLevel()" name="resolveMethodOnParentSecondLevel" duration-ms="467" started-at="2009-10-07T11:28:08Z" finished-at="2009-10-07T11:28:08Z">
        </test-method>
        <test-method status="PASS" signature="afterTest()" name="afterTest" is-config="true" duration-ms="26" started-at="2009-10-07T11:26:02Z" finished-at="2009-10-07T11:26:02Z">
        </test-method>
        <test-method status="PASS" signature="setupGraphSession()" name="setupGraphSession" is-config="true" duration-ms="1251" started-at="2009-10-07T11:26:46Z" finished-at="2009-10-07T11:26:48Z">
        </test-method>
        <test-method status="PASS" signature="afterTest()" name="afterTest" is-config="true" duration-ms="27" started-at="2009-10-07T11:25:53Z" finished-at="2009-10-07T11:25:54Z">
        </test-method>
        <test-method status="PASS" signature="setupGraphSession()" name="setupGraphSession" is-config="true" duration-ms="1321" started-at="2009-10-07T11:26:45Z" finished-at="2009-10-07T11:26:46Z">
        </test-method>
        <test-method status="PASS" signature="resolveMethodOnParent()" name="resolveMethodOnParent" duration-ms="350" started-at="2009-10-07T11:26:21Z" finished-at="2009-10-07T11:26:22Z">
        </test-method>
        <test-method status="PASS" signature="afterTest()" name="afterTest" is-config="true" duration-ms="24" started-at="2009-10-07T11:26:48Z" finished-at="2009-10-07T11:26:48Z">
        </test-method>
        <test-method status="PASS" signature="getMethodInfinitiLooping()" name="getMethodInfinitiLooping" duration-ms="4362" started-at="2009-10-07T11:27:03Z" finished-at="2009-10-07T11:27:07Z">
          <exception class="org.openspotlight.bundle.dap.language.java.resolver.SLBundleException">
            <full-stacktrace>
              <![CDATA[org.openspotlight.bundle.dap.language.java.resolver.SLBundleException
	at org.openspotlight.bundle.dap.language.java.resolver.MethodResolver.getMethod(MethodResolver.java:359)
	at org.openspotlight.bundle.dap.language.java.resolver.TestIntegratedMethodResolution.getMethodInfinitiLooping(TestIntegratedMethodResolution.java:389)
	at sun.reflect.NativeMethodAccessorImpl.invoke0(Native Method)
	at sun.reflect.NativeMethodAccessorImpl.invoke(NativeMethodAccessorImpl.java:39)
	at sun.reflect.DelegatingMethodAccessorImpl.invoke(DelegatingMethodAccessorImpl.java:25)
	at java.lang.reflect.Method.invoke(Method.java:592)
	at org.testng.internal.MethodHelper.invokeMethod(MethodHelper.java:607)
	at org.testng.internal.Invoker.invokeMethod(Invoker.java:517)
	at org.testng.internal.Invoker.invokeTestMethod(Invoker.java:669)
	at org.testng.internal.Invoker.invokeTestMethods(Invoker.java:956)
	at org.testng.internal.TestMethodWorker.invokeTestMethods(TestMethodWorker.java:126)
	at org.testng.internal.TestMethodWorker.run(TestMethodWorker.java:110)
	at org.testng.TestRunner.runWorkers(TestRunner.java:759)
	at org.testng.TestRunner.privateRun(TestRunner.java:592)
	at org.testng.TestRunner.run(TestRunner.java:486)
	at org.testng.SuiteRunner.runTest(SuiteRunner.java:332)
	at org.testng.SuiteRunner.runSequentially(SuiteRunner.java:327)
	at org.testng.SuiteRunner.privateRun(SuiteRunner.java:299)
	at org.testng.SuiteRunner.run(SuiteRunner.java:204)
	at org.testng.TestNG.createAndRunSuiteRunners(TestNG.java:877)
	at org.testng.TestNG.runSuitesLocally(TestNG.java:842)
	at org.testng.TestNG.run(TestNG.java:751)
	at org.testng.remote.RemoteTestNG.run(RemoteTestNG.java:73)
	at org.testng.remote.RemoteTestNG.main(RemoteTestNG.java:124)
]]>
            </full-stacktrace>
          </exception>
        </test-method>
        <test-method status="PASS" signature="afterTest()" name="afterTest" is-config="true" duration-ms="30" started-at="2009-10-07T11:28:05Z" finished-at="2009-10-07T11:28:05Z">
        </test-method>
        <test-method status="PASS" signature="setupGraphSession()" name="setupGraphSession" is-config="true" duration-ms="1289" started-at="2009-10-07T11:28:05Z" finished-at="2009-10-07T11:28:06Z">
        </test-method>
        <test-method status="FAIL" signature="getMethodBetween5Matches4()" name="getMethodBetween5Matches4" duration-ms="11222" started-at="2009-10-07T11:25:28Z" finished-at="2009-10-07T11:25:40Z">
          <exception class="org.openspotlight.bundle.dap.language.java.resolver.SLBundleException">
            <full-stacktrace>
              <![CDATA[org.openspotlight.bundle.dap.language.java.resolver.SLBundleException
	at org.openspotlight.bundle.dap.language.java.resolver.MethodResolver.getMethod(MethodResolver.java:359)
	at org.openspotlight.bundle.dap.language.java.resolver.TestIntegratedMethodResolution.getMethodBetween5Matches4(TestIntegratedMethodResolution.java:200)
	at sun.reflect.NativeMethodAccessorImpl.invoke0(Native Method)
	at sun.reflect.NativeMethodAccessorImpl.invoke(NativeMethodAccessorImpl.java:39)
	at sun.reflect.DelegatingMethodAccessorImpl.invoke(DelegatingMethodAccessorImpl.java:25)
	at java.lang.reflect.Method.invoke(Method.java:592)
	at org.testng.internal.MethodHelper.invokeMethod(MethodHelper.java:607)
	at org.testng.internal.Invoker.invokeMethod(Invoker.java:517)
	at org.testng.internal.Invoker.invokeTestMethod(Invoker.java:669)
	at org.testng.internal.Invoker.invokeTestMethods(Invoker.java:956)
	at org.testng.internal.TestMethodWorker.invokeTestMethods(TestMethodWorker.java:126)
	at org.testng.internal.TestMethodWorker.run(TestMethodWorker.java:110)
	at org.testng.TestRunner.runWorkers(TestRunner.java:759)
	at org.testng.TestRunner.privateRun(TestRunner.java:592)
	at org.testng.TestRunner.run(TestRunner.java:486)
	at org.testng.SuiteRunner.runTest(SuiteRunner.java:332)
	at org.testng.SuiteRunner.runSequentially(SuiteRunner.java:327)
	at org.testng.SuiteRunner.privateRun(SuiteRunner.java:299)
	at org.testng.SuiteRunner.run(SuiteRunner.java:204)
	at org.testng.TestNG.createAndRunSuiteRunners(TestNG.java:877)
	at org.testng.TestNG.runSuitesLocally(TestNG.java:842)
	at org.testng.TestNG.run(TestNG.java:751)
	at org.testng.remote.RemoteTestNG.run(RemoteTestNG.java:73)
	at org.testng.remote.RemoteTestNG.main(RemoteTestNG.java:124)
]]>
            </full-stacktrace>
          </exception>
        </test-method>
        <test-method status="FAIL" signature="getMethodBetween5Matches6()" name="getMethodBetween5Matches6" duration-ms="21383" started-at="2009-10-07T11:26:23Z" finished-at="2009-10-07T11:26:45Z">
          <exception class="org.openspotlight.bundle.dap.language.java.resolver.SLBundleException">
            <full-stacktrace>
              <![CDATA[org.openspotlight.bundle.dap.language.java.resolver.SLBundleException
	at org.openspotlight.bundle.dap.language.java.resolver.MethodResolver.getMethod(MethodResolver.java:359)
	at org.openspotlight.bundle.dap.language.java.resolver.TestIntegratedMethodResolution.getMethodBetween5Matches6(TestIntegratedMethodResolution.java:293)
	at sun.reflect.NativeMethodAccessorImpl.invoke0(Native Method)
	at sun.reflect.NativeMethodAccessorImpl.invoke(NativeMethodAccessorImpl.java:39)
	at sun.reflect.DelegatingMethodAccessorImpl.invoke(DelegatingMethodAccessorImpl.java:25)
	at java.lang.reflect.Method.invoke(Method.java:592)
	at org.testng.internal.MethodHelper.invokeMethod(MethodHelper.java:607)
	at org.testng.internal.Invoker.invokeMethod(Invoker.java:517)
	at org.testng.internal.Invoker.invokeTestMethod(Invoker.java:669)
	at org.testng.internal.Invoker.invokeTestMethods(Invoker.java:956)
	at org.testng.internal.TestMethodWorker.invokeTestMethods(TestMethodWorker.java:126)
	at org.testng.internal.TestMethodWorker.run(TestMethodWorker.java:110)
	at org.testng.TestRunner.runWorkers(TestRunner.java:759)
	at org.testng.TestRunner.privateRun(TestRunner.java:592)
	at org.testng.TestRunner.run(TestRunner.java:486)
	at org.testng.SuiteRunner.runTest(SuiteRunner.java:332)
	at org.testng.SuiteRunner.runSequentially(SuiteRunner.java:327)
	at org.testng.SuiteRunner.privateRun(SuiteRunner.java:299)
	at org.testng.SuiteRunner.run(SuiteRunner.java:204)
	at org.testng.TestNG.createAndRunSuiteRunners(TestNG.java:877)
	at org.testng.TestNG.runSuitesLocally(TestNG.java:842)
	at org.testng.TestNG.run(TestNG.java:751)
	at org.testng.remote.RemoteTestNG.run(RemoteTestNG.java:73)
	at org.testng.remote.RemoteTestNG.main(RemoteTestNG.java:124)
]]>
            </full-stacktrace>
          </exception>
        </test-method>
        <test-method status="PASS" signature="setupGraphSession()" name="setupGraphSession" is-config="true" duration-ms="1839" started-at="2009-10-07T11:25:21Z" finished-at="2009-10-07T11:25:22Z">
        </test-method>
        <test-method status="PASS" signature="afterTest()" name="afterTest" is-config="true" duration-ms="14" started-at="2009-10-07T11:28:41Z" finished-at="2009-10-07T11:28:41Z">
        </test-method>
        <test-method status="PASS" signature="resolveMethodOnParentFiveLevelsFoundOnFirstLevel()" name="resolveMethodOnParentFiveLevelsFoundOnFirstLevel" duration-ms="710" started-at="2009-10-07T11:27:40Z" finished-at="2009-10-07T11:27:40Z">
        </test-method>
        <test-method status="FAIL" signature="getMethodOneSimpleTypeParameterWithHierarchy()" name="getMethodOneSimpleTypeParameterWithHierarchy" duration-ms="2583" started-at="2009-10-07T11:26:00Z" finished-at="2009-10-07T11:26:02Z">
          <exception class="org.openspotlight.bundle.dap.language.java.resolver.SLBundleException">
            <full-stacktrace>
              <![CDATA[org.openspotlight.bundle.dap.language.java.resolver.SLBundleException
	at org.openspotlight.bundle.dap.language.java.resolver.MethodResolver.getMethod(MethodResolver.java:359)
	at org.openspotlight.bundle.dap.language.java.resolver.TestIntegratedMethodResolution.getMethodOneSimpleTypeParameterWithHierarchy(TestIntegratedMethodResolution.java:410)
	at sun.reflect.NativeMethodAccessorImpl.invoke0(Native Method)
	at sun.reflect.NativeMethodAccessorImpl.invoke(NativeMethodAccessorImpl.java:39)
	at sun.reflect.DelegatingMethodAccessorImpl.invoke(DelegatingMethodAccessorImpl.java:25)
	at java.lang.reflect.Method.invoke(Method.java:592)
	at org.testng.internal.MethodHelper.invokeMethod(MethodHelper.java:607)
	at org.testng.internal.Invoker.invokeMethod(Invoker.java:517)
	at org.testng.internal.Invoker.invokeTestMethod(Invoker.java:669)
	at org.testng.internal.Invoker.invokeTestMethods(Invoker.java:956)
	at org.testng.internal.TestMethodWorker.invokeTestMethods(TestMethodWorker.java:126)
	at org.testng.internal.TestMethodWorker.run(TestMethodWorker.java:110)
	at org.testng.TestRunner.runWorkers(TestRunner.java:759)
	at org.testng.TestRunner.privateRun(TestRunner.java:592)
	at org.testng.TestRunner.run(TestRunner.java:486)
	at org.testng.SuiteRunner.runTest(SuiteRunner.java:332)
	at org.testng.SuiteRunner.runSequentially(SuiteRunner.java:327)
	at org.testng.SuiteRunner.privateRun(SuiteRunner.java:299)
	at org.testng.SuiteRunner.run(SuiteRunner.java:204)
	at org.testng.TestNG.createAndRunSuiteRunners(TestNG.java:877)
	at org.testng.TestNG.runSuitesLocally(TestNG.java:842)
	at org.testng.TestNG.run(TestNG.java:751)
	at org.testng.remote.RemoteTestNG.run(RemoteTestNG.java:73)
	at org.testng.remote.RemoteTestNG.main(RemoteTestNG.java:124)
]]>
            </full-stacktrace>
          </exception>
        </test-method>
        <test-method status="FAIL" signature="resolveMethodOneSimpleTypeParameterWithHierarchy()" name="resolveMethodOneSimpleTypeParameterWithHierarchy" duration-ms="1179" started-at="2009-10-07T11:27:44Z" finished-at="2009-10-07T11:27:45Z">
          <exception class="org.openspotlight.bundle.dap.language.java.resolver.SLBundleException">
            <full-stacktrace>
              <![CDATA[org.openspotlight.bundle.dap.language.java.resolver.SLBundleException
	at org.openspotlight.bundle.dap.language.java.resolver.MethodResolver.getMethod(MethodResolver.java:359)
	at org.openspotlight.bundle.dap.language.java.resolver.TestIntegratedMethodResolution.resolveMethodOneSimpleTypeParameterWithHierarchy(TestIntegratedMethodResolution.java:685)
	at sun.reflect.NativeMethodAccessorImpl.invoke0(Native Method)
	at sun.reflect.NativeMethodAccessorImpl.invoke(NativeMethodAccessorImpl.java:39)
	at sun.reflect.DelegatingMethodAccessorImpl.invoke(DelegatingMethodAccessorImpl.java:25)
	at java.lang.reflect.Method.invoke(Method.java:592)
	at org.testng.internal.MethodHelper.invokeMethod(MethodHelper.java:607)
	at org.testng.internal.Invoker.invokeMethod(Invoker.java:517)
	at org.testng.internal.Invoker.invokeTestMethod(Invoker.java:669)
	at org.testng.internal.Invoker.invokeTestMethods(Invoker.java:956)
	at org.testng.internal.TestMethodWorker.invokeTestMethods(TestMethodWorker.java:126)
	at org.testng.internal.TestMethodWorker.run(TestMethodWorker.java:110)
	at org.testng.TestRunner.runWorkers(TestRunner.java:759)
	at org.testng.TestRunner.privateRun(TestRunner.java:592)
	at org.testng.TestRunner.run(TestRunner.java:486)
	at org.testng.SuiteRunner.runTest(SuiteRunner.java:332)
	at org.testng.SuiteRunner.runSequentially(SuiteRunner.java:327)
	at org.testng.SuiteRunner.privateRun(SuiteRunner.java:299)
	at org.testng.SuiteRunner.run(SuiteRunner.java:204)
	at org.testng.TestNG.createAndRunSuiteRunners(TestNG.java:877)
	at org.testng.TestNG.runSuitesLocally(TestNG.java:842)
	at org.testng.TestNG.run(TestNG.java:751)
	at org.testng.remote.RemoteTestNG.run(RemoteTestNG.java:73)
	at org.testng.remote.RemoteTestNG.main(RemoteTestNG.java:124)
]]>
            </full-stacktrace>
          </exception>
        </test-method>
        <test-method status="PASS" signature="setupGraphSession()" name="setupGraphSession" is-config="true" duration-ms="1607" started-at="2009-10-07T11:27:32Z" finished-at="2009-10-07T11:27:34Z">
        </test-method>
        <test-method status="PASS" signature="notFoundMethodOneSimpleTypeParameterWithHierarchy()" name="notFoundMethodOneSimpleTypeParameterWithHierarchy" duration-ms="870" started-at="2009-10-07T11:25:55Z" finished-at="2009-10-07T11:25:56Z">
          <exception class="org.openspotlight.bundle.dap.language.java.resolver.SLBundleException">
            <full-stacktrace>
              <![CDATA[org.openspotlight.bundle.dap.language.java.resolver.SLBundleException
	at org.openspotlight.bundle.dap.language.java.resolver.MethodResolver.getMethod(MethodResolver.java:359)
	at org.openspotlight.bundle.dap.language.java.resolver.TestIntegratedMethodResolution.notFoundMethodOneSimpleTypeParameterWithHierarchy(TestIntegratedMethodResolution.java:595)
	at sun.reflect.NativeMethodAccessorImpl.invoke0(Native Method)
	at sun.reflect.NativeMethodAccessorImpl.invoke(NativeMethodAccessorImpl.java:39)
	at sun.reflect.DelegatingMethodAccessorImpl.invoke(DelegatingMethodAccessorImpl.java:25)
	at java.lang.reflect.Method.invoke(Method.java:592)
	at org.testng.internal.MethodHelper.invokeMethod(MethodHelper.java:607)
	at org.testng.internal.Invoker.invokeMethod(Invoker.java:517)
	at org.testng.internal.Invoker.invokeTestMethod(Invoker.java:669)
	at org.testng.internal.Invoker.invokeTestMethods(Invoker.java:956)
	at org.testng.internal.TestMethodWorker.invokeTestMethods(TestMethodWorker.java:126)
	at org.testng.internal.TestMethodWorker.run(TestMethodWorker.java:110)
	at org.testng.TestRunner.runWorkers(TestRunner.java:759)
	at org.testng.TestRunner.privateRun(TestRunner.java:592)
	at org.testng.TestRunner.run(TestRunner.java:486)
	at org.testng.SuiteRunner.runTest(SuiteRunner.java:332)
	at org.testng.SuiteRunner.runSequentially(SuiteRunner.java:327)
	at org.testng.SuiteRunner.privateRun(SuiteRunner.java:299)
	at org.testng.SuiteRunner.run(SuiteRunner.java:204)
	at org.testng.TestNG.createAndRunSuiteRunners(TestNG.java:877)
	at org.testng.TestNG.runSuitesLocally(TestNG.java:842)
	at org.testng.TestNG.run(TestNG.java:751)
	at org.testng.remote.RemoteTestNG.run(RemoteTestNG.java:73)
	at org.testng.remote.RemoteTestNG.main(RemoteTestNG.java:124)
]]>
            </full-stacktrace>
          </exception>
        </test-method>
        <test-method status="PASS" signature="setupGraphSession()" name="setupGraphSession" is-config="true" duration-ms="2882" started-at="2009-10-07T11:24:54Z" finished-at="2009-10-07T11:24:57Z">
        </test-method>
        <test-method status="PASS" signature="afterTest()" name="afterTest" is-config="true" duration-ms="29" started-at="2009-10-07T11:26:17Z" finished-at="2009-10-07T11:26:17Z">
        </test-method>
        <test-method status="PASS" signature="afterTest()" name="afterTest" is-config="true" duration-ms="24" started-at="2009-10-07T11:27:07Z" finished-at="2009-10-07T11:27:07Z">
        </test-method>
        <test-method status="PASS" signature="afterTest()" name="afterTest" is-config="true" duration-ms="55" started-at="2009-10-07T11:25:18Z" finished-at="2009-10-07T11:25:18Z">
        </test-method>
        <test-method status="FAIL" signature="getMethodBetween5Matches2()" name="getMethodBetween5Matches2" duration-ms="11513" started-at="2009-10-07T11:28:26Z" finished-at="2009-10-07T11:28:37Z">
          <exception class="org.openspotlight.bundle.dap.language.java.resolver.SLBundleException">
            <full-stacktrace>
              <![CDATA[org.openspotlight.bundle.dap.language.java.resolver.SLBundleException
	at org.openspotlight.bundle.dap.language.java.resolver.MethodResolver.getMethod(MethodResolver.java:359)
	at org.openspotlight.bundle.dap.language.java.resolver.TestIntegratedMethodResolution.getMethodBetween5Matches2(TestIntegratedMethodResolution.java:124)
	at sun.reflect.NativeMethodAccessorImpl.invoke0(Native Method)
	at sun.reflect.NativeMethodAccessorImpl.invoke(NativeMethodAccessorImpl.java:39)
	at sun.reflect.DelegatingMethodAccessorImpl.invoke(DelegatingMethodAccessorImpl.java:25)
	at java.lang.reflect.Method.invoke(Method.java:592)
	at org.testng.internal.MethodHelper.invokeMethod(MethodHelper.java:607)
	at org.testng.internal.Invoker.invokeMethod(Invoker.java:517)
	at org.testng.internal.Invoker.invokeTestMethod(Invoker.java:669)
	at org.testng.internal.Invoker.invokeTestMethods(Invoker.java:956)
	at org.testng.internal.TestMethodWorker.invokeTestMethods(TestMethodWorker.java:126)
	at org.testng.internal.TestMethodWorker.run(TestMethodWorker.java:110)
	at org.testng.TestRunner.runWorkers(TestRunner.java:759)
	at org.testng.TestRunner.privateRun(TestRunner.java:592)
	at org.testng.TestRunner.run(TestRunner.java:486)
	at org.testng.SuiteRunner.runTest(SuiteRunner.java:332)
	at org.testng.SuiteRunner.runSequentially(SuiteRunner.java:327)
	at org.testng.SuiteRunner.privateRun(SuiteRunner.java:299)
	at org.testng.SuiteRunner.run(SuiteRunner.java:204)
	at org.testng.TestNG.createAndRunSuiteRunners(TestNG.java:877)
	at org.testng.TestNG.runSuitesLocally(TestNG.java:842)
	at org.testng.TestNG.run(TestNG.java:751)
	at org.testng.remote.RemoteTestNG.run(RemoteTestNG.java:73)
	at org.testng.remote.RemoteTestNG.main(RemoteTestNG.java:124)
]]>
            </full-stacktrace>
          </exception>
        </test-method>
        <test-method status="PASS" signature="afterTest()" name="afterTest" is-config="true" duration-ms="12" started-at="2009-10-07T11:28:24Z" finished-at="2009-10-07T11:28:24Z">
        </test-method>
        <test-method status="FAIL" signature="getMethodSeveralTypeParameter()" name="getMethodSeveralTypeParameter" duration-ms="832" started-at="2009-10-07T11:25:20Z" finished-at="2009-10-07T11:25:20Z">
          <exception class="org.openspotlight.bundle.dap.language.java.resolver.SLBundleException">
            <full-stacktrace>
              <![CDATA[org.openspotlight.bundle.dap.language.java.resolver.SLBundleException
	at org.openspotlight.bundle.dap.language.java.resolver.MethodResolver.getMethod(MethodResolver.java:359)
	at org.openspotlight.bundle.dap.language.java.resolver.TestIntegratedMethodResolution.getMethodSeveralTypeParameter(TestIntegratedMethodResolution.java:545)
	at sun.reflect.NativeMethodAccessorImpl.invoke0(Native Method)
	at sun.reflect.NativeMethodAccessorImpl.invoke(NativeMethodAccessorImpl.java:39)
	at sun.reflect.DelegatingMethodAccessorImpl.invoke(DelegatingMethodAccessorImpl.java:25)
	at java.lang.reflect.Method.invoke(Method.java:592)
	at org.testng.internal.MethodHelper.invokeMethod(MethodHelper.java:607)
	at org.testng.internal.Invoker.invokeMethod(Invoker.java:517)
	at org.testng.internal.Invoker.invokeTestMethod(Invoker.java:669)
	at org.testng.internal.Invoker.invokeTestMethods(Invoker.java:956)
	at org.testng.internal.TestMethodWorker.invokeTestMethods(TestMethodWorker.java:126)
	at org.testng.internal.TestMethodWorker.run(TestMethodWorker.java:110)
	at org.testng.TestRunner.runWorkers(TestRunner.java:759)
	at org.testng.TestRunner.privateRun(TestRunner.java:592)
	at org.testng.TestRunner.run(TestRunner.java:486)
	at org.testng.SuiteRunner.runTest(SuiteRunner.java:332)
	at org.testng.SuiteRunner.runSequentially(SuiteRunner.java:327)
	at org.testng.SuiteRunner.privateRun(SuiteRunner.java:299)
	at org.testng.SuiteRunner.run(SuiteRunner.java:204)
	at org.testng.TestNG.createAndRunSuiteRunners(TestNG.java:877)
	at org.testng.TestNG.runSuitesLocally(TestNG.java:842)
	at org.testng.TestNG.run(TestNG.java:751)
	at org.testng.remote.RemoteTestNG.run(RemoteTestNG.java:73)
	at org.testng.remote.RemoteTestNG.main(RemoteTestNG.java:124)
]]>
            </full-stacktrace>
          </exception>
        </test-method>
        <test-method status="PASS" signature="afterTest()" name="afterTest" is-config="true" duration-ms="14" started-at="2009-10-07T11:26:22Z" finished-at="2009-10-07T11:26:22Z">
        </test-method>
        <test-method status="PASS" signature="afterTest()" name="afterTest" is-config="true" duration-ms="20" started-at="2009-10-07T11:26:20Z" finished-at="2009-10-07T11:26:20Z">
        </test-method>
        <test-method status="PASS" signature="afterTest()" name="afterTest" is-config="true" duration-ms="26" started-at="2009-10-07T11:28:08Z" finished-at="2009-10-07T11:28:08Z">
        </test-method>
        <test-method status="PASS" signature="setupGraphSession()" name="setupGraphSession" is-config="true" duration-ms="1314" started-at="2009-10-07T11:27:45Z" finished-at="2009-10-07T11:27:46Z">
        </test-method>
        <test-method status="PASS" signature="resolveMethodOnePrimitiveParameter()" name="resolveMethodOnePrimitiveParameter" duration-ms="1253" started-at="2009-10-07T11:25:57Z" finished-at="2009-10-07T11:25:58Z">
        </test-method>
        <test-method status="PASS" signature="setupGraphSession()" name="setupGraphSession" is-config="true" duration-ms="1392" started-at="2009-10-07T11:25:40Z" finished-at="2009-10-07T11:25:41Z">
        </test-method>
        <test-method status="PASS" signature="resolveMethodOneSimpleTypeParameter()" name="resolveMethodOneSimpleTypeParameter" duration-ms="1303" started-at="2009-10-07T11:26:19Z" finished-at="2009-10-07T11:26:20Z">
        </test-method>
        <test-method status="PASS" signature="resolveSimpleMethod()" name="resolveSimpleMethod" duration-ms="263" started-at="2009-10-07T11:26:04Z" finished-at="2009-10-07T11:26:04Z">
        </test-method>
        <test-method status="PASS" signature="afterTest()" name="afterTest" is-config="true" duration-ms="21" started-at="2009-10-07T11:27:38Z" finished-at="2009-10-07T11:27:38Z">
        </test-method>
        <test-method status="PASS" signature="afterTest()" name="afterTest" is-config="true" duration-ms="26" started-at="2009-10-07T11:28:37Z" finished-at="2009-10-07T11:28:37Z">
        </test-method>
        <test-method status="FAIL" signature="getMethodBetween5Matches()" name="getMethodBetween5Matches" duration-ms="12264" started-at="2009-10-07T11:26:05Z" finished-at="2009-10-07T11:26:17Z">
          <exception class="org.openspotlight.bundle.dap.language.java.resolver.SLBundleException">
            <full-stacktrace>
              <![CDATA[org.openspotlight.bundle.dap.language.java.resolver.SLBundleException
	at org.openspotlight.bundle.dap.language.java.resolver.MethodResolver.getMethod(MethodResolver.java:359)
	at org.openspotlight.bundle.dap.language.java.resolver.TestIntegratedMethodResolution.getMethodBetween5Matches(TestIntegratedMethodResolution.java:86)
	at sun.reflect.NativeMethodAccessorImpl.invoke0(Native Method)
	at sun.reflect.NativeMethodAccessorImpl.invoke(NativeMethodAccessorImpl.java:39)
	at sun.reflect.DelegatingMethodAccessorImpl.invoke(DelegatingMethodAccessorImpl.java:25)
	at java.lang.reflect.Method.invoke(Method.java:592)
	at org.testng.internal.MethodHelper.invokeMethod(MethodHelper.java:607)
	at org.testng.internal.Invoker.invokeMethod(Invoker.java:517)
	at org.testng.internal.Invoker.invokeTestMethod(Invoker.java:669)
	at org.testng.internal.Invoker.invokeTestMethods(Invoker.java:956)
	at org.testng.internal.TestMethodWorker.invokeTestMethods(TestMethodWorker.java:126)
	at org.testng.internal.TestMethodWorker.run(TestMethodWorker.java:110)
	at org.testng.TestRunner.runWorkers(TestRunner.java:759)
	at org.testng.TestRunner.privateRun(TestRunner.java:592)
	at org.testng.TestRunner.run(TestRunner.java:486)
	at org.testng.SuiteRunner.runTest(SuiteRunner.java:332)
	at org.testng.SuiteRunner.runSequentially(SuiteRunner.java:327)
	at org.testng.SuiteRunner.privateRun(SuiteRunner.java:299)
	at org.testng.SuiteRunner.run(SuiteRunner.java:204)
	at org.testng.TestNG.createAndRunSuiteRunners(TestNG.java:877)
	at org.testng.TestNG.runSuitesLocally(TestNG.java:842)
	at org.testng.TestNG.run(TestNG.java:751)
	at org.testng.remote.RemoteTestNG.run(RemoteTestNG.java:73)
	at org.testng.remote.RemoteTestNG.main(RemoteTestNG.java:124)
]]>
            </full-stacktrace>
          </exception>
        </test-method>
        <test-method status="PASS" signature="afterTest()" name="afterTest" is-config="true" duration-ms="27" started-at="2009-10-07T11:26:45Z" finished-at="2009-10-07T11:26:45Z">
        </test-method>
        <test-method status="PASS" signature="resolveMethodOnParentFiveLevelsFoundOnThirdLevel()" name="resolveMethodOnParentFiveLevelsFoundOnThirdLevel" duration-ms="650" started-at="2009-10-07T11:26:48Z" finished-at="2009-10-07T11:26:48Z">
        </test-method>
        <test-method status="PASS" signature="testInvalidParamsNullParams()" name="testInvalidParamsNullParams" duration-ms="59" started-at="2009-10-07T11:28:06Z" finished-at="2009-10-07T11:28:06Z">
          <exception class="java.lang.IllegalArgumentException">
            <message>
              <![CDATA[Parameter named type should be not null!]]>
            </message>
            <full-stacktrace>
              <![CDATA[java.lang.IllegalArgumentException: Parameter named type should be not null!
	at org.openspotlight.common.util.Assertions.checkNotNull(Assertions.java:159)
	at org.openspotlight.bundle.dap.language.java.resolver.MethodResolver.getMethod(MethodResolver.java:269)
	at org.openspotlight.bundle.dap.language.java.resolver.MethodResolver.getMethod(MethodResolver.java:253)
	at org.openspotlight.bundle.dap.language.java.resolver.TestIntegratedMethodResolution.testInvalidParamsNullParams(TestIntegratedMethodResolution.java:831)
	at sun.reflect.NativeMethodAccessorImpl.invoke0(Native Method)
	at sun.reflect.NativeMethodAccessorImpl.invoke(NativeMethodAccessorImpl.java:39)
	at sun.reflect.DelegatingMethodAccessorImpl.invoke(DelegatingMethodAccessorImpl.java:25)
	at java.lang.reflect.Method.invoke(Method.java:592)
	at org.testng.internal.MethodHelper.invokeMethod(MethodHelper.java:607)
	at org.testng.internal.Invoker.invokeMethod(Invoker.java:517)
	at org.testng.internal.Invoker.invokeTestMethod(Invoker.java:669)
	at org.testng.internal.Invoker.invokeTestMethods(Invoker.java:956)
	at org.testng.internal.TestMethodWorker.invokeTestMethods(TestMethodWorker.java:126)
	at org.testng.internal.TestMethodWorker.run(TestMethodWorker.java:110)
	at org.testng.TestRunner.runWorkers(TestRunner.java:759)
	at org.testng.TestRunner.privateRun(TestRunner.java:592)
	at org.testng.TestRunner.run(TestRunner.java:486)
	at org.testng.SuiteRunner.runTest(SuiteRunner.java:332)
	at org.testng.SuiteRunner.runSequentially(SuiteRunner.java:327)
	at org.testng.SuiteRunner.privateRun(SuiteRunner.java:299)
	at org.testng.SuiteRunner.run(SuiteRunner.java:204)
	at org.testng.TestNG.createAndRunSuiteRunners(TestNG.java:877)
	at org.testng.TestNG.runSuitesLocally(TestNG.java:842)
	at org.testng.TestNG.run(TestNG.java:751)
	at org.testng.remote.RemoteTestNG.run(RemoteTestNG.java:73)
	at org.testng.remote.RemoteTestNG.main(RemoteTestNG.java:124)
]]>
            </full-stacktrace>
          </exception>
        </test-method>
        <test-method status="PASS" signature="afterTest()" name="afterTest" is-config="true" duration-ms="23" started-at="2009-10-07T11:27:02Z" finished-at="2009-10-07T11:27:02Z">
        </test-method>
        <test-method status="PASS" signature="afterTest()" name="afterTest" is-config="true" duration-ms="27" started-at="2009-10-07T11:26:46Z" finished-at="2009-10-07T11:26:46Z">
        </test-method>
        <test-method status="PASS" signature="setupGraphSession()" name="setupGraphSession" is-config="true" duration-ms="1230" started-at="2009-10-07T11:28:07Z" finished-at="2009-10-07T11:28:08Z">
        </test-method>
        <test-method status="PASS" signature="setupGraphSession()" name="setupGraphSession" is-config="true" duration-ms="1346" started-at="2009-10-07T11:26:04Z" finished-at="2009-10-07T11:26:05Z">
        </test-method>
        <test-method status="FAIL" signature="getMethodParameterizedByClass()" name="getMethodParameterizedByClass" duration-ms="18863" started-at="2009-10-07T11:27:46Z" finished-at="2009-10-07T11:28:05Z">
          <exception class="org.openspotlight.bundle.dap.language.java.resolver.SLBundleException">
            <full-stacktrace>
              <![CDATA[org.openspotlight.bundle.dap.language.java.resolver.SLBundleException
	at org.openspotlight.bundle.dap.language.java.resolver.MethodResolver.getMethod(MethodResolver.java:359)
	at org.openspotlight.bundle.dap.language.java.resolver.TestIntegratedMethodResolution.getMethodParameterizedByClass(TestIntegratedMethodResolution.java:458)
	at sun.reflect.NativeMethodAccessorImpl.invoke0(Native Method)
	at sun.reflect.NativeMethodAccessorImpl.invoke(NativeMethodAccessorImpl.java:39)
	at sun.reflect.DelegatingMethodAccessorImpl.invoke(DelegatingMethodAccessorImpl.java:25)
	at java.lang.reflect.Method.invoke(Method.java:592)
	at org.testng.internal.MethodHelper.invokeMethod(MethodHelper.java:607)
	at org.testng.internal.Invoker.invokeMethod(Invoker.java:517)
	at org.testng.internal.Invoker.invokeTestMethod(Invoker.java:669)
	at org.testng.internal.Invoker.invokeTestMethods(Invoker.java:956)
	at org.testng.internal.TestMethodWorker.invokeTestMethods(TestMethodWorker.java:126)
	at org.testng.internal.TestMethodWorker.run(TestMethodWorker.java:110)
	at org.testng.TestRunner.runWorkers(TestRunner.java:759)
	at org.testng.TestRunner.privateRun(TestRunner.java:592)
	at org.testng.TestRunner.run(TestRunner.java:486)
	at org.testng.SuiteRunner.runTest(SuiteRunner.java:332)
	at org.testng.SuiteRunner.runSequentially(SuiteRunner.java:327)
	at org.testng.SuiteRunner.privateRun(SuiteRunner.java:299)
	at org.testng.SuiteRunner.run(SuiteRunner.java:204)
	at org.testng.TestNG.createAndRunSuiteRunners(TestNG.java:877)
	at org.testng.TestNG.runSuitesLocally(TestNG.java:842)
	at org.testng.TestNG.run(TestNG.java:751)
	at org.testng.remote.RemoteTestNG.run(RemoteTestNG.java:73)
	at org.testng.remote.RemoteTestNG.main(RemoteTestNG.java:124)
]]>
            </full-stacktrace>
          </exception>
        </test-method>
        <test-method status="PASS" signature="afterTest()" name="afterTest" is-config="true" duration-ms="28" started-at="2009-10-07T11:25:27Z" finished-at="2009-10-07T11:25:27Z">
        </test-method>
        <test-method status="FAIL" signature="getMethodBetween5MatchesBoxing()" name="getMethodBetween5MatchesBoxing" duration-ms="11955" started-at="2009-10-07T11:26:50Z" finished-at="2009-10-07T11:27:02Z">
          <exception class="org.openspotlight.bundle.dap.language.java.resolver.SLBundleException">
            <full-stacktrace>
              <![CDATA[org.openspotlight.bundle.dap.language.java.resolver.SLBundleException
	at org.openspotlight.bundle.dap.language.java.resolver.MethodResolver.getMethod(MethodResolver.java:359)
	at org.openspotlight.bundle.dap.language.java.resolver.TestIntegratedMethodResolution.getMethodBetween5MatchesBoxing(TestIntegratedMethodResolution.java:331)
	at sun.reflect.NativeMethodAccessorImpl.invoke0(Native Method)
	at sun.reflect.NativeMethodAccessorImpl.invoke(NativeMethodAccessorImpl.java:39)
	at sun.reflect.DelegatingMethodAccessorImpl.invoke(DelegatingMethodAccessorImpl.java:25)
	at java.lang.reflect.Method.invoke(Method.java:592)
	at org.testng.internal.MethodHelper.invokeMethod(MethodHelper.java:607)
	at org.testng.internal.Invoker.invokeMethod(Invoker.java:517)
	at org.testng.internal.Invoker.invokeTestMethod(Invoker.java:669)
	at org.testng.internal.Invoker.invokeTestMethods(Invoker.java:956)
	at org.testng.internal.TestMethodWorker.invokeTestMethods(TestMethodWorker.java:126)
	at org.testng.internal.TestMethodWorker.run(TestMethodWorker.java:110)
	at org.testng.TestRunner.runWorkers(TestRunner.java:759)
	at org.testng.TestRunner.privateRun(TestRunner.java:592)
	at org.testng.TestRunner.run(TestRunner.java:486)
	at org.testng.SuiteRunner.runTest(SuiteRunner.java:332)
	at org.testng.SuiteRunner.runSequentially(SuiteRunner.java:327)
	at org.testng.SuiteRunner.privateRun(SuiteRunner.java:299)
	at org.testng.SuiteRunner.run(SuiteRunner.java:204)
	at org.testng.TestNG.createAndRunSuiteRunners(TestNG.java:877)
	at org.testng.TestNG.runSuitesLocally(TestNG.java:842)
	at org.testng.TestNG.run(TestNG.java:751)
	at org.testng.remote.RemoteTestNG.run(RemoteTestNG.java:73)
	at org.testng.remote.RemoteTestNG.main(RemoteTestNG.java:124)
]]>
            </full-stacktrace>
          </exception>
        </test-method>
        <test-method status="PASS" signature="afterTest()" name="afterTest" is-config="true" duration-ms="20" started-at="2009-10-07T11:28:23Z" finished-at="2009-10-07T11:28:23Z">
        </test-method>
        <test-method status="PASS" signature="setupGraphSession()" name="setupGraphSession" is-config="true" duration-ms="1539" started-at="2009-10-07T11:25:18Z" finished-at="2009-10-07T11:25:20Z">
        </test-method>
        <test-method status="PASS" signature="finish()" name="finish" is-config="true" duration-ms="0" started-at="2009-10-07T11:28:41Z" finished-at="2009-10-07T11:28:41Z">
        </test-method>
        <test-method status="PASS" signature="afterTest()" name="afterTest" is-config="true" duration-ms="28" started-at="2009-10-07T11:25:40Z" finished-at="2009-10-07T11:25:40Z">
        </test-method>
        <test-method status="PASS" signature="setupGraphSession()" name="setupGraphSession" is-config="true" duration-ms="1293" started-at="2009-10-07T11:26:48Z" finished-at="2009-10-07T11:26:50Z">
        </test-method>
        <test-method status="FAIL" signature="testCache()" name="testCache" duration-ms="4659" started-at="2009-10-07T11:25:22Z" finished-at="2009-10-07T11:25:27Z">
          <exception class="org.openspotlight.bundle.dap.language.java.resolver.SLBundleException">
            <full-stacktrace>
              <![CDATA[org.openspotlight.bundle.dap.language.java.resolver.SLBundleException
	at org.openspotlight.bundle.dap.language.java.resolver.MethodResolver.getMethod(MethodResolver.java:359)
	at org.openspotlight.bundle.dap.language.java.resolver.TestIntegratedMethodResolution.testCache(TestIntegratedMethodResolution.java:811)
	at sun.reflect.NativeMethodAccessorImpl.invoke0(Native Method)
	at sun.reflect.NativeMethodAccessorImpl.invoke(NativeMethodAccessorImpl.java:39)
	at sun.reflect.DelegatingMethodAccessorImpl.invoke(DelegatingMethodAccessorImpl.java:25)
	at java.lang.reflect.Method.invoke(Method.java:592)
	at org.testng.internal.MethodHelper.invokeMethod(MethodHelper.java:607)
	at org.testng.internal.Invoker.invokeMethod(Invoker.java:517)
	at org.testng.internal.Invoker.invokeTestMethod(Invoker.java:669)
	at org.testng.internal.Invoker.invokeTestMethods(Invoker.java:956)
	at org.testng.internal.TestMethodWorker.invokeTestMethods(TestMethodWorker.java:126)
	at org.testng.internal.TestMethodWorker.run(TestMethodWorker.java:110)
	at org.testng.TestRunner.runWorkers(TestRunner.java:759)
	at org.testng.TestRunner.privateRun(TestRunner.java:592)
	at org.testng.TestRunner.run(TestRunner.java:486)
	at org.testng.SuiteRunner.runTest(SuiteRunner.java:332)
	at org.testng.SuiteRunner.runSequentially(SuiteRunner.java:327)
	at org.testng.SuiteRunner.privateRun(SuiteRunner.java:299)
	at org.testng.SuiteRunner.run(SuiteRunner.java:204)
	at org.testng.TestNG.createAndRunSuiteRunners(TestNG.java:877)
	at org.testng.TestNG.runSuitesLocally(TestNG.java:842)
	at org.testng.TestNG.run(TestNG.java:751)
	at org.testng.remote.RemoteTestNG.run(RemoteTestNG.java:73)
	at org.testng.remote.RemoteTestNG.main(RemoteTestNG.java:124)
]]>
            </full-stacktrace>
          </exception>
        </test-method>
        <test-method status="FAIL" signature="getMethodBetween5Matches5()" name="getMethodBetween5Matches5" duration-ms="23249" started-at="2009-10-07T11:27:09Z" finished-at="2009-10-07T11:27:32Z">
          <exception class="org.openspotlight.bundle.dap.language.java.resolver.SLBundleException">
            <full-stacktrace>
              <![CDATA[org.openspotlight.bundle.dap.language.java.resolver.SLBundleException
	at org.openspotlight.bundle.dap.language.java.resolver.MethodResolver.getMethod(MethodResolver.java:359)
	at org.openspotlight.bundle.dap.language.java.resolver.TestIntegratedMethodResolution.getMethodBetween5Matches5(TestIntegratedMethodResolution.java:248)
	at sun.reflect.NativeMethodAccessorImpl.invoke0(Native Method)
	at sun.reflect.NativeMethodAccessorImpl.invoke(NativeMethodAccessorImpl.java:39)
	at sun.reflect.DelegatingMethodAccessorImpl.invoke(DelegatingMethodAccessorImpl.java:25)
	at java.lang.reflect.Method.invoke(Method.java:592)
	at org.testng.internal.MethodHelper.invokeMethod(MethodHelper.java:607)
	at org.testng.internal.Invoker.invokeMethod(Invoker.java:517)
	at org.testng.internal.Invoker.invokeTestMethod(Invoker.java:669)
	at org.testng.internal.Invoker.invokeTestMethods(Invoker.java:956)
	at org.testng.internal.TestMethodWorker.invokeTestMethods(TestMethodWorker.java:126)
	at org.testng.internal.TestMethodWorker.run(TestMethodWorker.java:110)
	at org.testng.TestRunner.runWorkers(TestRunner.java:759)
	at org.testng.TestRunner.privateRun(TestRunner.java:592)
	at org.testng.TestRunner.run(TestRunner.java:486)
	at org.testng.SuiteRunner.runTest(SuiteRunner.java:332)
	at org.testng.SuiteRunner.runSequentially(SuiteRunner.java:327)
	at org.testng.SuiteRunner.privateRun(SuiteRunner.java:299)
	at org.testng.SuiteRunner.run(SuiteRunner.java:204)
	at org.testng.TestNG.createAndRunSuiteRunners(TestNG.java:877)
	at org.testng.TestNG.runSuitesLocally(TestNG.java:842)
	at org.testng.TestNG.run(TestNG.java:751)
	at org.testng.remote.RemoteTestNG.run(RemoteTestNG.java:73)
	at org.testng.remote.RemoteTestNG.main(RemoteTestNG.java:124)
]]>
            </full-stacktrace>
          </exception>
        </test-method>
        <test-method status="PASS" signature="setupGraphSession()" name="setupGraphSession" is-config="true" duration-ms="1270" started-at="2009-10-07T11:27:40Z" finished-at="2009-10-07T11:27:42Z">
        </test-method>
        <test-method status="PASS" signature="setupGraphSession()" name="setupGraphSession" is-config="true" duration-ms="1321" started-at="2009-10-07T11:25:56Z" finished-at="2009-10-07T11:25:57Z">
        </test-method>
        <test-method status="PASS" signature="setupGraphSession()" name="setupGraphSession" is-config="true" duration-ms="1217" started-at="2009-10-07T11:28:24Z" finished-at="2009-10-07T11:28:26Z">
        </test-method>
        <test-method status="PASS" signature="init()" name="init" is-config="true" duration-ms="1405" started-at="2009-10-07T11:24:52Z" finished-at="2009-10-07T11:24:54Z">
        </test-method>
        <test-method status="PASS" signature="afterTest()" name="afterTest" is-config="true" duration-ms="32" started-at="2009-10-07T11:25:20Z" finished-at="2009-10-07T11:25:21Z">
        </test-method>
        <test-method status="PASS" signature="setupGraphSession()" name="setupGraphSession" is-config="true" duration-ms="1394" started-at="2009-10-07T11:27:07Z" finished-at="2009-10-07T11:27:09Z">
        </test-method>
        <test-method status="PASS" signature="setupGraphSession()" name="setupGraphSession" is-config="true" duration-ms="1269" started-at="2009-10-07T11:28:23Z" finished-at="2009-10-07T11:28:24Z">
        </test-method>
        <test-method status="PASS" signature="setupGraphSession()" name="setupGraphSession" is-config="true" duration-ms="1305" started-at="2009-10-07T11:26:02Z" finished-at="2009-10-07T11:26:04Z">
        </test-method>
        <test-method status="PASS" signature="setupGraphSession()" name="setupGraphSession" is-config="true" duration-ms="1198" started-at="2009-10-07T11:28:08Z" finished-at="2009-10-07T11:28:09Z">
        </test-method>
        <test-method status="PASS" signature="setupGraphSession()" name="setupGraphSession" is-config="true" duration-ms="1237" started-at="2009-10-07T11:28:37Z" finished-at="2009-10-07T11:28:38Z">
        </test-method>
        <test-method status="PASS" signature="afterTest()" name="afterTest" is-config="true" duration-ms="12" started-at="2009-10-07T11:26:04Z" finished-at="2009-10-07T11:26:04Z">
        </test-method>
        <test-method status="PASS" signature="afterTest()" name="afterTest" is-config="true" duration-ms="25" started-at="2009-10-07T11:27:40Z" finished-at="2009-10-07T11:27:40Z">
        </test-method>
        <test-method status="PASS" signature="setupGraphSession()" name="setupGraphSession" is-config="true" duration-ms="1522" started-at="2009-10-07T11:27:42Z" finished-at="2009-10-07T11:27:44Z">
        </test-method>
        <test-method status="FAIL" signature="getMethodSeveralTypeParameterHierarchy()" name="getMethodSeveralTypeParameterHierarchy" duration-ms="2563" started-at="2009-10-07T11:28:38Z" finished-at="2009-10-07T11:28:41Z">
          <exception class="org.openspotlight.bundle.dap.language.java.resolver.SLBundleException">
            <full-stacktrace>
              <![CDATA[org.openspotlight.bundle.dap.language.java.resolver.SLBundleException
	at org.openspotlight.bundle.dap.language.java.resolver.MethodResolver.getMethod(MethodResolver.java:359)
	at org.openspotlight.bundle.dap.language.java.resolver.TestIntegratedMethodResolution.getMethodSeveralTypeParameterHierarchy(TestIntegratedMethodResolution.java:572)
	at sun.reflect.NativeMethodAccessorImpl.invoke0(Native Method)
	at sun.reflect.NativeMethodAccessorImpl.invoke(NativeMethodAccessorImpl.java:39)
	at sun.reflect.DelegatingMethodAccessorImpl.invoke(DelegatingMethodAccessorImpl.java:25)
	at java.lang.reflect.Method.invoke(Method.java:592)
	at org.testng.internal.MethodHelper.invokeMethod(MethodHelper.java:607)
	at org.testng.internal.Invoker.invokeMethod(Invoker.java:517)
	at org.testng.internal.Invoker.invokeTestMethod(Invoker.java:669)
	at org.testng.internal.Invoker.invokeTestMethods(Invoker.java:956)
	at org.testng.internal.TestMethodWorker.invokeTestMethods(TestMethodWorker.java:126)
	at org.testng.internal.TestMethodWorker.run(TestMethodWorker.java:110)
	at org.testng.TestRunner.runWorkers(TestRunner.java:759)
	at org.testng.TestRunner.privateRun(TestRunner.java:592)
	at org.testng.TestRunner.run(TestRunner.java:486)
	at org.testng.SuiteRunner.runTest(SuiteRunner.java:332)
	at org.testng.SuiteRunner.runSequentially(SuiteRunner.java:327)
	at org.testng.SuiteRunner.privateRun(SuiteRunner.java:299)
	at org.testng.SuiteRunner.run(SuiteRunner.java:204)
	at org.testng.TestNG.createAndRunSuiteRunners(TestNG.java:877)
	at org.testng.TestNG.runSuitesLocally(TestNG.java:842)
	at org.testng.TestNG.run(TestNG.java:751)
	at org.testng.remote.RemoteTestNG.run(RemoteTestNG.java:73)
	at org.testng.remote.RemoteTestNG.main(RemoteTestNG.java:124)
]]>
            </full-stacktrace>
          </exception>
        </test-method>
        <test-method status="PASS" signature="setupGraphSession()" name="setupGraphSession" is-config="true" duration-ms="1434" started-at="2009-10-07T11:26:22Z" finished-at="2009-10-07T11:26:23Z">
        </test-method>
        <test-method status="PASS" signature="setupGraphSession()" name="setupGraphSession" is-config="true" duration-ms="1403" started-at="2009-10-07T11:27:02Z" finished-at="2009-10-07T11:27:03Z">
        </test-method>
        <test-method status="PASS" signature="setupGraphSession()" name="setupGraphSession" is-config="true" duration-ms="1244" started-at="2009-10-07T11:27:38Z" finished-at="2009-10-07T11:27:40Z">
        </test-method>
        <test-method status="FAIL" signature="getMethodBetween5Matches3()" name="getMethodBetween5Matches3" duration-ms="13643" started-at="2009-10-07T11:28:09Z" finished-at="2009-10-07T11:28:23Z">
          <exception class="org.openspotlight.bundle.dap.language.java.resolver.SLBundleException">
            <full-stacktrace>
              <![CDATA[org.openspotlight.bundle.dap.language.java.resolver.SLBundleException
	at org.openspotlight.bundle.dap.language.java.resolver.MethodResolver.getMethod(MethodResolver.java:359)
	at org.openspotlight.bundle.dap.language.java.resolver.TestIntegratedMethodResolution.getMethodBetween5Matches3(TestIntegratedMethodResolution.java:162)
	at sun.reflect.NativeMethodAccessorImpl.invoke0(Native Method)
	at sun.reflect.NativeMethodAccessorImpl.invoke(NativeMethodAccessorImpl.java:39)
	at sun.reflect.DelegatingMethodAccessorImpl.invoke(DelegatingMethodAccessorImpl.java:25)
	at java.lang.reflect.Method.invoke(Method.java:592)
	at org.testng.internal.MethodHelper.invokeMethod(MethodHelper.java:607)
	at org.testng.internal.Invoker.invokeMethod(Invoker.java:517)
	at org.testng.internal.Invoker.invokeTestMethod(Invoker.java:669)
	at org.testng.internal.Invoker.invokeTestMethods(Invoker.java:956)
	at org.testng.internal.TestMethodWorker.invokeTestMethods(TestMethodWorker.java:126)
	at org.testng.internal.TestMethodWorker.run(TestMethodWorker.java:110)
	at org.testng.TestRunner.runWorkers(TestRunner.java:759)
	at org.testng.TestRunner.privateRun(TestRunner.java:592)
	at org.testng.TestRunner.run(TestRunner.java:486)
	at org.testng.SuiteRunner.runTest(SuiteRunner.java:332)
	at org.testng.SuiteRunner.runSequentially(SuiteRunner.java:327)
	at org.testng.SuiteRunner.privateRun(SuiteRunner.java:299)
	at org.testng.SuiteRunner.run(SuiteRunner.java:204)
	at org.testng.TestNG.createAndRunSuiteRunners(TestNG.java:877)
	at org.testng.TestNG.runSuitesLocally(TestNG.java:842)
	at org.testng.TestNG.run(TestNG.java:751)
	at org.testng.remote.RemoteTestNG.run(RemoteTestNG.java:73)
	at org.testng.remote.RemoteTestNG.main(RemoteTestNG.java:124)
]]>
            </full-stacktrace>
          </exception>
        </test-method>
        <test-method status="PASS" signature="setupGraphSession()" name="setupGraphSession" is-config="true" duration-ms="1312" started-at="2009-10-07T11:26:17Z" finished-at="2009-10-07T11:26:19Z">
        </test-method>
        <test-method status="PASS" signature="setupGraphSession()" name="setupGraphSession" is-config="true" duration-ms="1320" started-at="2009-10-07T11:25:58Z" finished-at="2009-10-07T11:26:00Z">
        </test-method>
        <test-method status="FAIL" signature="getMethodBetween2Matches()" name="getMethodBetween2Matches" duration-ms="4629" started-at="2009-10-07T11:27:34Z" finished-at="2009-10-07T11:27:38Z">
          <exception class="org.openspotlight.bundle.dap.language.java.resolver.SLBundleException">
            <full-stacktrace>
              <![CDATA[org.openspotlight.bundle.dap.language.java.resolver.SLBundleException
	at org.openspotlight.bundle.dap.language.java.resolver.MethodResolver.getMethod(MethodResolver.java:359)
	at org.openspotlight.bundle.dap.language.java.resolver.TestIntegratedMethodResolution.getMethodBetween2Matches(TestIntegratedMethodResolution.java:48)
	at sun.reflect.NativeMethodAccessorImpl.invoke0(Native Method)
	at sun.reflect.NativeMethodAccessorImpl.invoke(NativeMethodAccessorImpl.java:39)
	at sun.reflect.DelegatingMethodAccessorImpl.invoke(DelegatingMethodAccessorImpl.java:25)
	at java.lang.reflect.Method.invoke(Method.java:592)
	at org.testng.internal.MethodHelper.invokeMethod(MethodHelper.java:607)
	at org.testng.internal.Invoker.invokeMethod(Invoker.java:517)
	at org.testng.internal.Invoker.invokeTestMethod(Invoker.java:669)
	at org.testng.internal.Invoker.invokeTestMethods(Invoker.java:956)
	at org.testng.internal.TestMethodWorker.invokeTestMethods(TestMethodWorker.java:126)
	at org.testng.internal.TestMethodWorker.run(TestMethodWorker.java:110)
	at org.testng.TestRunner.runWorkers(TestRunner.java:759)
	at org.testng.TestRunner.privateRun(TestRunner.java:592)
	at org.testng.TestRunner.run(TestRunner.java:486)
	at org.testng.SuiteRunner.runTest(SuiteRunner.java:332)
	at org.testng.SuiteRunner.runSequentially(SuiteRunner.java:327)
	at org.testng.SuiteRunner.privateRun(SuiteRunner.java:299)
	at org.testng.SuiteRunner.run(SuiteRunner.java:204)
	at org.testng.TestNG.createAndRunSuiteRunners(TestNG.java:877)
	at org.testng.TestNG.runSuitesLocally(TestNG.java:842)
	at org.testng.TestNG.run(TestNG.java:751)
	at org.testng.remote.RemoteTestNG.run(RemoteTestNG.java:73)
	at org.testng.remote.RemoteTestNG.main(RemoteTestNG.java:124)
]]>
            </full-stacktrace>
          </exception>
        </test-method>
        <test-method status="PASS" signature="resolveMethodOnParentFiveLevels()" name="resolveMethodOnParentFiveLevels" duration-ms="579" started-at="2009-10-07T11:27:42Z" finished-at="2009-10-07T11:27:42Z">
        </test-method>
        <test-method status="PASS" signature="testInvalidParams()" name="testInvalidParams" duration-ms="76" started-at="2009-10-07T11:28:24Z" finished-at="2009-10-07T11:28:24Z">
          <exception class="java.lang.IllegalArgumentException">
            <message>
              <![CDATA[INVALID PARAMETER]]>
            </message>
            <full-stacktrace>
              <![CDATA[java.lang.IllegalArgumentException: INVALID PARAMETER
	at org.openspotlight.bundle.dap.language.java.resolver.MethodResolver.getMethod(MethodResolver.java:273)
	at org.openspotlight.bundle.dap.language.java.resolver.MethodResolver.getMethod(MethodResolver.java:253)
	at org.openspotlight.bundle.dap.language.java.resolver.TestIntegratedMethodResolution.testInvalidParams(TestIntegratedMethodResolution.java:826)
	at sun.reflect.NativeMethodAccessorImpl.invoke0(Native Method)
	at sun.reflect.NativeMethodAccessorImpl.invoke(NativeMethodAccessorImpl.java:39)
	at sun.reflect.DelegatingMethodAccessorImpl.invoke(DelegatingMethodAccessorImpl.java:25)
	at java.lang.reflect.Method.invoke(Method.java:592)
	at org.testng.internal.MethodHelper.invokeMethod(MethodHelper.java:607)
	at org.testng.internal.Invoker.invokeMethod(Invoker.java:517)
	at org.testng.internal.Invoker.invokeTestMethod(Invoker.java:669)
	at org.testng.internal.Invoker.invokeTestMethods(Invoker.java:956)
	at org.testng.internal.TestMethodWorker.invokeTestMethods(TestMethodWorker.java:126)
	at org.testng.internal.TestMethodWorker.run(TestMethodWorker.java:110)
	at org.testng.TestRunner.runWorkers(TestRunner.java:759)
	at org.testng.TestRunner.privateRun(TestRunner.java:592)
	at org.testng.TestRunner.run(TestRunner.java:486)
	at org.testng.SuiteRunner.runTest(SuiteRunner.java:332)
	at org.testng.SuiteRunner.runSequentially(SuiteRunner.java:327)
	at org.testng.SuiteRunner.privateRun(SuiteRunner.java:299)
	at org.testng.SuiteRunner.run(SuiteRunner.java:204)
	at org.testng.TestNG.createAndRunSuiteRunners(TestNG.java:877)
	at org.testng.TestNG.runSuitesLocally(TestNG.java:842)
	at org.testng.TestNG.run(TestNG.java:751)
	at org.testng.remote.RemoteTestNG.run(RemoteTestNG.java:73)
	at org.testng.remote.RemoteTestNG.main(RemoteTestNG.java:124)
]]>
            </full-stacktrace>
          </exception>
        </test-method>
        <test-method status="PASS" signature="afterTest()" name="afterTest" is-config="true" duration-ms="22" started-at="2009-10-07T11:25:58Z" finished-at="2009-10-07T11:25:58Z">
        </test-method>
        <test-method status="PASS" signature="resolveExtendedMethod()" name="resolveExtendedMethod" duration-ms="428" started-at="2009-10-07T11:26:46Z" finished-at="2009-10-07T11:26:46Z">
        </test-method>
        <test-method status="PASS" signature="setupGraphSession()" name="setupGraphSession" is-config="true" duration-ms="1443" started-at="2009-10-07T11:25:27Z" finished-at="2009-10-07T11:25:28Z">
        </test-method>
        <test-method status="PASS" signature="afterTest()" name="afterTest" is-config="true" duration-ms="29" started-at="2009-10-07T11:27:32Z" finished-at="2009-10-07T11:27:32Z">
        </test-method>
        <test-method status="PASS" signature="afterTest()" name="afterTest" is-config="true" duration-ms="22" started-at="2009-10-07T11:25:56Z" finished-at="2009-10-07T11:25:56Z">
        </test-method>
      </class>
    </test>
  </suite>
</testng-results>
