<html>
<head>
<title>TestNG:  org.openspotlight.bundle.dap.language.java.resolver.TestIntegratedMethodResolution</title>
<link href="../testng.css" rel="stylesheet" type="text/css" />
<link href="../my-testng.css" rel="stylesheet" type="text/css" />

<style type="text/css">
.log { display: none;} 
.stack-trace { display: none;} 
</style>
<script type="text/javascript">
<!--
function flip(e) {
  current = e.style.display;
  if (current == 'block') {
    e.style.display = 'none';
    return 0;
  }
  else {
    e.style.display = 'block';
    return 1;
  }
}

function toggleBox(szDivId, elem, msg1, msg2)
{
  var res = -1;  if (document.getElementById) {
    res = flip(document.getElementById(szDivId));
  }
  else if (document.all) {
    // this is the way old msie versions work
    res = flip(document.all[szDivId]);
  }
  if(elem) {
    if(res == 0) elem.innerHTML = msg1; else elem.innerHTML = msg2;
  }

}

function toggleAllBoxes() {
  if (document.getElementsByTagName) {
    d = document.getElementsByTagName('div');
    for (i = 0; i < d.length; i++) {
      if (d[i].className == 'log') {
        flip(d[i]);
      }
    }
  }
}

// -->
</script>

</head>
<body>
<h2 align='center'>org.openspotlight.bundle.dap.language.java.resolver.TestIntegratedMethodResolution</h2><table border='1' align="center">
<tr>
<td>Tests passed/Failed/Skipped:</td><td>14/15/0</td>
</tr><tr>
<td>Started on:</td><td>Wed Oct 07 11:24:52 BRT 2009</td>
</tr>
<tr><td>Total time:</td><td>228 seconds (228685 ms)</td>
</tr><tr>
<td>Included groups:</td><td></td>
</tr><tr>
<td>Excluded groups:</td><td></td>
</tr>
</table><p/>
<small><i>(Hover the method name to see the test class name)</i></small><p/>
<table width='100%' border='1' class='invocation-failed'>
<tr><td colspan='3' align='center'><b>FAILED TESTS</b></td></tr>
<tr><td><b>Test method</b></td>
<td width="10%"><b>Time (seconds)</b></td>
<td width="30%"><b>Exception</b></td>
</tr>
<tr>
<td title='org.openspotlight.bundle.dap.language.java.resolver.TestIntegratedMethodResolution.getMethodBetween2Matches()'>getMethodBetween2Matches</td>
<td>4</td>
<td><div><pre>org.openspotlight.bundle.dap.language.java.resolver.SLBundleException
	at org.openspotlight.bundle.dap.language.java.resolver.MethodResolver.getMethod(MethodResolver.java:359)
	at org.openspotlight.bundle.dap.language.java.resolver.TestIntegratedMethodResolution.getMethodBetween2Matches(TestIntegratedMethodResolution.java:48)
... Removed 22 stack frames</pre></div><a href='#' onClick='toggleBox("stack-trace7340883", this, "Click to show all stack frames", "Click to hide stack frames")'>Click to show all stack frames</a>
<div class='stack-trace' id='stack-trace7340883'><pre>org.openspotlight.bundle.dap.language.java.resolver.SLBundleException
	at org.openspotlight.bundle.dap.language.java.resolver.MethodResolver.getMethod(MethodResolver.java:359)
	at org.openspotlight.bundle.dap.language.java.resolver.TestIntegratedMethodResolution.getMethodBetween2Matches(TestIntegratedMethodResolution.java:48)
	at sun.reflect.NativeMethodAccessorImpl.invoke0(Native Method)
	at sun.reflect.NativeMethodAccessorImpl.invoke(NativeMethodAccessorImpl.java:39)
	at sun.reflect.DelegatingMethodAccessorImpl.invoke(DelegatingMethodAccessorImpl.java:25)
	at java.lang.reflect.Method.invoke(Method.java:592)
	at org.testng.internal.MethodHelper.invokeMethod(MethodHelper.java:607)
	at org.testng.internal.Invoker.invokeMethod(Invoker.java:517)
	at org.testng.internal.Invoker.invokeTestMethod(Invoker.java:669)
	at org.testng.internal.Invoker.invokeTestMethods(Invoker.java:956)
	at org.testng.internal.TestMethodWorker.invokeTestMethods(TestMethodWorker.java:126)
	at org.testng.internal.TestMethodWorker.run(TestMethodWorker.java:110)
	at org.testng.TestRunner.runWorkers(TestRunner.java:759)
	at org.testng.TestRunner.privateRun(TestRunner.java:592)
	at org.testng.TestRunner.run(TestRunner.java:486)
	at org.testng.SuiteRunner.runTest(SuiteRunner.java:332)
	at org.testng.SuiteRunner.runSequentially(SuiteRunner.java:327)
	at org.testng.SuiteRunner.privateRun(SuiteRunner.java:299)
	at org.testng.SuiteRunner.run(SuiteRunner.java:204)
	at org.testng.TestNG.createAndRunSuiteRunners(TestNG.java:877)
	at org.testng.TestNG.runSuitesLocally(TestNG.java:842)
	at org.testng.TestNG.run(TestNG.java:751)
	at org.testng.remote.RemoteTestNG.run(RemoteTestNG.java:73)
	at org.testng.remote.RemoteTestNG.main(RemoteTestNG.java:124)
</pre></div></td>
</tr>
<tr>
<td title='org.openspotlight.bundle.dap.language.java.resolver.TestIntegratedMethodResolution.getMethodBetween5Matches()'>getMethodBetween5Matches</td>
<td>12</td>
<td><div><pre>org.openspotlight.bundle.dap.language.java.resolver.SLBundleException
	at org.openspotlight.bundle.dap.language.java.resolver.MethodResolver.getMethod(MethodResolver.java:359)
	at org.openspotlight.bundle.dap.language.java.resolver.TestIntegratedMethodResolution.getMethodBetween5Matches(TestIntegratedMethodResolution.java:86)
... Removed 22 stack frames</pre></div><a href='#' onClick='toggleBox("stack-trace7047469", this, "Click to show all stack frames", "Click to hide stack frames")'>Click to show all stack frames</a>
<div class='stack-trace' id='stack-trace7047469'><pre>org.openspotlight.bundle.dap.language.java.resolver.SLBundleException
	at org.openspotlight.bundle.dap.language.java.resolver.MethodResolver.getMethod(MethodResolver.java:359)
	at org.openspotlight.bundle.dap.language.java.resolver.TestIntegratedMethodResolution.getMethodBetween5Matches(TestIntegratedMethodResolution.java:86)
	at sun.reflect.NativeMethodAccessorImpl.invoke0(Native Method)
	at sun.reflect.NativeMethodAccessorImpl.invoke(NativeMethodAccessorImpl.java:39)
	at sun.reflect.DelegatingMethodAccessorImpl.invoke(DelegatingMethodAccessorImpl.java:25)
	at java.lang.reflect.Method.invoke(Method.java:592)
	at org.testng.internal.MethodHelper.invokeMethod(MethodHelper.java:607)
	at org.testng.internal.Invoker.invokeMethod(Invoker.java:517)
	at org.testng.internal.Invoker.invokeTestMethod(Invoker.java:669)
	at org.testng.internal.Invoker.invokeTestMethods(Invoker.java:956)
	at org.testng.internal.TestMethodWorker.invokeTestMethods(TestMethodWorker.java:126)
	at org.testng.internal.TestMethodWorker.run(TestMethodWorker.java:110)
	at org.testng.TestRunner.runWorkers(TestRunner.java:759)
	at org.testng.TestRunner.privateRun(TestRunner.java:592)
	at org.testng.TestRunner.run(TestRunner.java:486)
	at org.testng.SuiteRunner.runTest(SuiteRunner.java:332)
	at org.testng.SuiteRunner.runSequentially(SuiteRunner.java:327)
	at org.testng.SuiteRunner.privateRun(SuiteRunner.java:299)
	at org.testng.SuiteRunner.run(SuiteRunner.java:204)
	at org.testng.TestNG.createAndRunSuiteRunners(TestNG.java:877)
	at org.testng.TestNG.runSuitesLocally(TestNG.java:842)
	at org.testng.TestNG.run(TestNG.java:751)
	at org.testng.remote.RemoteTestNG.run(RemoteTestNG.java:73)
	at org.testng.remote.RemoteTestNG.main(RemoteTestNG.java:124)
</pre></div></td>
</tr>
<tr>
<td title='org.openspotlight.bundle.dap.language.java.resolver.TestIntegratedMethodResolution.getMethodBetween5Matches2()'>getMethodBetween5Matches2</td>
<td>11</td>
<td><div><pre>org.openspotlight.bundle.dap.language.java.resolver.SLBundleException
	at org.openspotlight.bundle.dap.language.java.resolver.MethodResolver.getMethod(MethodResolver.java:359)
	at org.openspotlight.bundle.dap.language.java.resolver.TestIntegratedMethodResolution.getMethodBetween5Matches2(TestIntegratedMethodResolution.java:124)
... Removed 22 stack frames</pre></div><a href='#' onClick='toggleBox("stack-trace6980689", this, "Click to show all stack frames", "Click to hide stack frames")'>Click to show all stack frames</a>
<div class='stack-trace' id='stack-trace6980689'><pre>org.openspotlight.bundle.dap.language.java.resolver.SLBundleException
	at org.openspotlight.bundle.dap.language.java.resolver.MethodResolver.getMethod(MethodResolver.java:359)
	at org.openspotlight.bundle.dap.language.java.resolver.TestIntegratedMethodResolution.getMethodBetween5Matches2(TestIntegratedMethodResolution.java:124)
	at sun.reflect.NativeMethodAccessorImpl.invoke0(Native Method)
	at sun.reflect.NativeMethodAccessorImpl.invoke(NativeMethodAccessorImpl.java:39)
	at sun.reflect.DelegatingMethodAccessorImpl.invoke(DelegatingMethodAccessorImpl.java:25)
	at java.lang.reflect.Method.invoke(Method.java:592)
	at org.testng.internal.MethodHelper.invokeMethod(MethodHelper.java:607)
	at org.testng.internal.Invoker.invokeMethod(Invoker.java:517)
	at org.testng.internal.Invoker.invokeTestMethod(Invoker.java:669)
	at org.testng.internal.Invoker.invokeTestMethods(Invoker.java:956)
	at org.testng.internal.TestMethodWorker.invokeTestMethods(TestMethodWorker.java:126)
	at org.testng.internal.TestMethodWorker.run(TestMethodWorker.java:110)
	at org.testng.TestRunner.runWorkers(TestRunner.java:759)
	at org.testng.TestRunner.privateRun(TestRunner.java:592)
	at org.testng.TestRunner.run(TestRunner.java:486)
	at org.testng.SuiteRunner.runTest(SuiteRunner.java:332)
	at org.testng.SuiteRunner.runSequentially(SuiteRunner.java:327)
	at org.testng.SuiteRunner.privateRun(SuiteRunner.java:299)
	at org.testng.SuiteRunner.run(SuiteRunner.java:204)
	at org.testng.TestNG.createAndRunSuiteRunners(TestNG.java:877)
	at org.testng.TestNG.runSuitesLocally(TestNG.java:842)
	at org.testng.TestNG.run(TestNG.java:751)
	at org.testng.remote.RemoteTestNG.run(RemoteTestNG.java:73)
	at org.testng.remote.RemoteTestNG.main(RemoteTestNG.java:124)
</pre></div></td>
</tr>
<tr>
<td title='org.openspotlight.bundle.dap.language.java.resolver.TestIntegratedMethodResolution.getMethodBetween5Matches3()'>getMethodBetween5Matches3</td>
<td>13</td>
<td><div><pre>org.openspotlight.bundle.dap.language.java.resolver.SLBundleException
	at org.openspotlight.bundle.dap.language.java.resolver.MethodResolver.getMethod(MethodResolver.java:359)
	at org.openspotlight.bundle.dap.language.java.resolver.TestIntegratedMethodResolution.getMethodBetween5Matches3(TestIntegratedMethodResolution.java:162)
... Removed 22 stack frames</pre></div><a href='#' onClick='toggleBox("stack-trace4186924", this, "Click to show all stack frames", "Click to hide stack frames")'>Click to show all stack frames</a>
<div class='stack-trace' id='stack-trace4186924'><pre>org.openspotlight.bundle.dap.language.java.resolver.SLBundleException
	at org.openspotlight.bundle.dap.language.java.resolver.MethodResolver.getMethod(MethodResolver.java:359)
	at org.openspotlight.bundle.dap.language.java.resolver.TestIntegratedMethodResolution.getMethodBetween5Matches3(TestIntegratedMethodResolution.java:162)
	at sun.reflect.NativeMethodAccessorImpl.invoke0(Native Method)
	at sun.reflect.NativeMethodAccessorImpl.invoke(NativeMethodAccessorImpl.java:39)
	at sun.reflect.DelegatingMethodAccessorImpl.invoke(DelegatingMethodAccessorImpl.java:25)
	at java.lang.reflect.Method.invoke(Method.java:592)
	at org.testng.internal.MethodHelper.invokeMethod(MethodHelper.java:607)
	at org.testng.internal.Invoker.invokeMethod(Invoker.java:517)
	at org.testng.internal.Invoker.invokeTestMethod(Invoker.java:669)
	at org.testng.internal.Invoker.invokeTestMethods(Invoker.java:956)
	at org.testng.internal.TestMethodWorker.invokeTestMethods(TestMethodWorker.java:126)
	at org.testng.internal.TestMethodWorker.run(TestMethodWorker.java:110)
	at org.testng.TestRunner.runWorkers(TestRunner.java:759)
	at org.testng.TestRunner.privateRun(TestRunner.java:592)
	at org.testng.TestRunner.run(TestRunner.java:486)
	at org.testng.SuiteRunner.runTest(SuiteRunner.java:332)
	at org.testng.SuiteRunner.runSequentially(SuiteRunner.java:327)
	at org.testng.SuiteRunner.privateRun(SuiteRunner.java:299)
	at org.testng.SuiteRunner.run(SuiteRunner.java:204)
	at org.testng.TestNG.createAndRunSuiteRunners(TestNG.java:877)
	at org.testng.TestNG.runSuitesLocally(TestNG.java:842)
	at org.testng.TestNG.run(TestNG.java:751)
	at org.testng.remote.RemoteTestNG.run(RemoteTestNG.java:73)
	at org.testng.remote.RemoteTestNG.main(RemoteTestNG.java:124)
</pre></div></td>
</tr>
<tr>
<td title='org.openspotlight.bundle.dap.language.java.resolver.TestIntegratedMethodResolution.getMethodBetween5Matches4()'>getMethodBetween5Matches4</td>
<td>11</td>
<td><div><pre>org.openspotlight.bundle.dap.language.java.resolver.SLBundleException
	at org.openspotlight.bundle.dap.language.java.resolver.MethodResolver.getMethod(MethodResolver.java:359)
	at org.openspotlight.bundle.dap.language.java.resolver.TestIntegratedMethodResolution.getMethodBetween5Matches4(TestIntegratedMethodResolution.java:200)
... Removed 22 stack frames</pre></div><a href='#' onClick='toggleBox("stack-trace330211", this, "Click to show all stack frames", "Click to hide stack frames")'>Click to show all stack frames</a>
<div class='stack-trace' id='stack-trace330211'><pre>org.openspotlight.bundle.dap.language.java.resolver.SLBundleException
	at org.openspotlight.bundle.dap.language.java.resolver.MethodResolver.getMethod(MethodResolver.java:359)
	at org.openspotlight.bundle.dap.language.java.resolver.TestIntegratedMethodResolution.getMethodBetween5Matches4(TestIntegratedMethodResolution.java:200)
	at sun.reflect.NativeMethodAccessorImpl.invoke0(Native Method)
	at sun.reflect.NativeMethodAccessorImpl.invoke(NativeMethodAccessorImpl.java:39)
	at sun.reflect.DelegatingMethodAccessorImpl.invoke(DelegatingMethodAccessorImpl.java:25)
	at java.lang.reflect.Method.invoke(Method.java:592)
	at org.testng.internal.MethodHelper.invokeMethod(MethodHelper.java:607)
	at org.testng.internal.Invoker.invokeMethod(Invoker.java:517)
	at org.testng.internal.Invoker.invokeTestMethod(Invoker.java:669)
	at org.testng.internal.Invoker.invokeTestMethods(Invoker.java:956)
	at org.testng.internal.TestMethodWorker.invokeTestMethods(TestMethodWorker.java:126)
	at org.testng.internal.TestMethodWorker.run(TestMethodWorker.java:110)
	at org.testng.TestRunner.runWorkers(TestRunner.java:759)
	at org.testng.TestRunner.privateRun(TestRunner.java:592)
	at org.testng.TestRunner.run(TestRunner.java:486)
	at org.testng.SuiteRunner.runTest(SuiteRunner.java:332)
	at org.testng.SuiteRunner.runSequentially(SuiteRunner.java:327)
	at org.testng.SuiteRunner.privateRun(SuiteRunner.java:299)
	at org.testng.SuiteRunner.run(SuiteRunner.java:204)
	at org.testng.TestNG.createAndRunSuiteRunners(TestNG.java:877)
	at org.testng.TestNG.runSuitesLocally(TestNG.java:842)
	at org.testng.TestNG.run(TestNG.java:751)
	at org.testng.remote.RemoteTestNG.run(RemoteTestNG.java:73)
	at org.testng.remote.RemoteTestNG.main(RemoteTestNG.java:124)
</pre></div></td>
</tr>
<tr>
<td title='org.openspotlight.bundle.dap.language.java.resolver.TestIntegratedMethodResolution.getMethodBetween5Matches5()'>getMethodBetween5Matches5</td>
<td>23</td>
<td><div><pre>org.openspotlight.bundle.dap.language.java.resolver.SLBundleException
	at org.openspotlight.bundle.dap.language.java.resolver.MethodResolver.getMethod(MethodResolver.java:359)
	at org.openspotlight.bundle.dap.language.java.resolver.TestIntegratedMethodResolution.getMethodBetween5Matches5(TestIntegratedMethodResolution.java:248)
... Removed 22 stack frames</pre></div><a href='#' onClick='toggleBox("stack-trace5401978", this, "Click to show all stack frames", "Click to hide stack frames")'>Click to show all stack frames</a>
<div class='stack-trace' id='stack-trace5401978'><pre>org.openspotlight.bundle.dap.language.java.resolver.SLBundleException
	at org.openspotlight.bundle.dap.language.java.resolver.MethodResolver.getMethod(MethodResolver.java:359)
	at org.openspotlight.bundle.dap.language.java.resolver.TestIntegratedMethodResolution.getMethodBetween5Matches5(TestIntegratedMethodResolution.java:248)
	at sun.reflect.NativeMethodAccessorImpl.invoke0(Native Method)
	at sun.reflect.NativeMethodAccessorImpl.invoke(NativeMethodAccessorImpl.java:39)
	at sun.reflect.DelegatingMethodAccessorImpl.invoke(DelegatingMethodAccessorImpl.java:25)
	at java.lang.reflect.Method.invoke(Method.java:592)
	at org.testng.internal.MethodHelper.invokeMethod(MethodHelper.java:607)
	at org.testng.internal.Invoker.invokeMethod(Invoker.java:517)
	at org.testng.internal.Invoker.invokeTestMethod(Invoker.java:669)
	at org.testng.internal.Invoker.invokeTestMethods(Invoker.java:956)
	at org.testng.internal.TestMethodWorker.invokeTestMethods(TestMethodWorker.java:126)
	at org.testng.internal.TestMethodWorker.run(TestMethodWorker.java:110)
	at org.testng.TestRunner.runWorkers(TestRunner.java:759)
	at org.testng.TestRunner.privateRun(TestRunner.java:592)
	at org.testng.TestRunner.run(TestRunner.java:486)
	at org.testng.SuiteRunner.runTest(SuiteRunner.java:332)
	at org.testng.SuiteRunner.runSequentially(SuiteRunner.java:327)
	at org.testng.SuiteRunner.privateRun(SuiteRunner.java:299)
	at org.testng.SuiteRunner.run(SuiteRunner.java:204)
	at org.testng.TestNG.createAndRunSuiteRunners(TestNG.java:877)
	at org.testng.TestNG.runSuitesLocally(TestNG.java:842)
	at org.testng.TestNG.run(TestNG.java:751)
	at org.testng.remote.RemoteTestNG.run(RemoteTestNG.java:73)
	at org.testng.remote.RemoteTestNG.main(RemoteTestNG.java:124)
</pre></div></td>
</tr>
<tr>
<td title='org.openspotlight.bundle.dap.language.java.resolver.TestIntegratedMethodResolution.getMethodBetween5Matches6()'>getMethodBetween5Matches6</td>
<td>21</td>
<td><div><pre>org.openspotlight.bundle.dap.language.java.resolver.SLBundleException
	at org.openspotlight.bundle.dap.language.java.resolver.MethodResolver.getMethod(MethodResolver.java:359)
	at org.openspotlight.bundle.dap.language.java.resolver.TestIntegratedMethodResolution.getMethodBetween5Matches6(TestIntegratedMethodResolution.java:293)
... Removed 22 stack frames</pre></div><a href='#' onClick='toggleBox("stack-trace13018989", this, "Click to show all stack frames", "Click to hide stack frames")'>Click to show all stack frames</a>
<div class='stack-trace' id='stack-trace13018989'><pre>org.openspotlight.bundle.dap.language.java.resolver.SLBundleException
	at org.openspotlight.bundle.dap.language.java.resolver.MethodResolver.getMethod(MethodResolver.java:359)
	at org.openspotlight.bundle.dap.language.java.resolver.TestIntegratedMethodResolution.getMethodBetween5Matches6(TestIntegratedMethodResolution.java:293)
	at sun.reflect.NativeMethodAccessorImpl.invoke0(Native Method)
	at sun.reflect.NativeMethodAccessorImpl.invoke(NativeMethodAccessorImpl.java:39)
	at sun.reflect.DelegatingMethodAccessorImpl.invoke(DelegatingMethodAccessorImpl.java:25)
	at java.lang.reflect.Method.invoke(Method.java:592)
	at org.testng.internal.MethodHelper.invokeMethod(MethodHelper.java:607)
	at org.testng.internal.Invoker.invokeMethod(Invoker.java:517)
	at org.testng.internal.Invoker.invokeTestMethod(Invoker.java:669)
	at org.testng.internal.Invoker.invokeTestMethods(Invoker.java:956)
	at org.testng.internal.TestMethodWorker.invokeTestMethods(TestMethodWorker.java:126)
	at org.testng.internal.TestMethodWorker.run(TestMethodWorker.java:110)
	at org.testng.TestRunner.runWorkers(TestRunner.java:759)
	at org.testng.TestRunner.privateRun(TestRunner.java:592)
	at org.testng.TestRunner.run(TestRunner.java:486)
	at org.testng.SuiteRunner.runTest(SuiteRunner.java:332)
	at org.testng.SuiteRunner.runSequentially(SuiteRunner.java:327)
	at org.testng.SuiteRunner.privateRun(SuiteRunner.java:299)
	at org.testng.SuiteRunner.run(SuiteRunner.java:204)
	at org.testng.TestNG.createAndRunSuiteRunners(TestNG.java:877)
	at org.testng.TestNG.runSuitesLocally(TestNG.java:842)
	at org.testng.TestNG.run(TestNG.java:751)
	at org.testng.remote.RemoteTestNG.run(RemoteTestNG.java:73)
	at org.testng.remote.RemoteTestNG.main(RemoteTestNG.java:124)
</pre></div></td>
</tr>
<tr>
<td title='org.openspotlight.bundle.dap.language.java.resolver.TestIntegratedMethodResolution.getMethodBetween5MatchesBoxing()'>getMethodBetween5MatchesBoxing</td>
<td>11</td>
<td><div><pre>org.openspotlight.bundle.dap.language.java.resolver.SLBundleException
	at org.openspotlight.bundle.dap.language.java.resolver.MethodResolver.getMethod(MethodResolver.java:359)
	at org.openspotlight.bundle.dap.language.java.resolver.TestIntegratedMethodResolution.getMethodBetween5MatchesBoxing(TestIntegratedMethodResolution.java:331)
... Removed 22 stack frames</pre></div><a href='#' onClick='toggleBox("stack-trace4063982", this, "Click to show all stack frames", "Click to hide stack frames")'>Click to show all stack frames</a>
<div class='stack-trace' id='stack-trace4063982'><pre>org.openspotlight.bundle.dap.language.java.resolver.SLBundleException
	at org.openspotlight.bundle.dap.language.java.resolver.MethodResolver.getMethod(MethodResolver.java:359)
	at org.openspotlight.bundle.dap.language.java.resolver.TestIntegratedMethodResolution.getMethodBetween5MatchesBoxing(TestIntegratedMethodResolution.java:331)
	at sun.reflect.NativeMethodAccessorImpl.invoke0(Native Method)
	at sun.reflect.NativeMethodAccessorImpl.invoke(NativeMethodAccessorImpl.java:39)
	at sun.reflect.DelegatingMethodAccessorImpl.invoke(DelegatingMethodAccessorImpl.java:25)
	at java.lang.reflect.Method.invoke(Method.java:592)
	at org.testng.internal.MethodHelper.invokeMethod(MethodHelper.java:607)
	at org.testng.internal.Invoker.invokeMethod(Invoker.java:517)
	at org.testng.internal.Invoker.invokeTestMethod(Invoker.java:669)
	at org.testng.internal.Invoker.invokeTestMethods(Invoker.java:956)
	at org.testng.internal.TestMethodWorker.invokeTestMethods(TestMethodWorker.java:126)
	at org.testng.internal.TestMethodWorker.run(TestMethodWorker.java:110)
	at org.testng.TestRunner.runWorkers(TestRunner.java:759)
	at org.testng.TestRunner.privateRun(TestRunner.java:592)
	at org.testng.TestRunner.run(TestRunner.java:486)
	at org.testng.SuiteRunner.runTest(SuiteRunner.java:332)
	at org.testng.SuiteRunner.runSequentially(SuiteRunner.java:327)
	at org.testng.SuiteRunner.privateRun(SuiteRunner.java:299)
	at org.testng.SuiteRunner.run(SuiteRunner.java:204)
	at org.testng.TestNG.createAndRunSuiteRunners(TestNG.java:877)
	at org.testng.TestNG.runSuitesLocally(TestNG.java:842)
	at org.testng.TestNG.run(TestNG.java:751)
	at org.testng.remote.RemoteTestNG.run(RemoteTestNG.java:73)
	at org.testng.remote.RemoteTestNG.main(RemoteTestNG.java:124)
</pre></div></td>
</tr>
<tr>
<td title='org.openspotlight.bundle.dap.language.java.resolver.TestIntegratedMethodResolution.getMethodOneSimpleTypeParameterWithHierarchy()'>getMethodOneSimpleTypeParameterWithHierarchy</td>
<td>2</td>
<td><div><pre>org.openspotlight.bundle.dap.language.java.resolver.SLBundleException
	at org.openspotlight.bundle.dap.language.java.resolver.MethodResolver.getMethod(MethodResolver.java:359)
	at org.openspotlight.bundle.dap.language.java.resolver.TestIntegratedMethodResolution.getMethodOneSimpleTypeParameterWithHierarchy(TestIntegratedMethodResolution.java:410)
... Removed 22 stack frames</pre></div><a href='#' onClick='toggleBox("stack-trace3254527", this, "Click to show all stack frames", "Click to hide stack frames")'>Click to show all stack frames</a>
<div class='stack-trace' id='stack-trace3254527'><pre>org.openspotlight.bundle.dap.language.java.resolver.SLBundleException
	at org.openspotlight.bundle.dap.language.java.resolver.MethodResolver.getMethod(MethodResolver.java:359)
	at org.openspotlight.bundle.dap.language.java.resolver.TestIntegratedMethodResolution.getMethodOneSimpleTypeParameterWithHierarchy(TestIntegratedMethodResolution.java:410)
	at sun.reflect.NativeMethodAccessorImpl.invoke0(Native Method)
	at sun.reflect.NativeMethodAccessorImpl.invoke(NativeMethodAccessorImpl.java:39)
	at sun.reflect.DelegatingMethodAccessorImpl.invoke(DelegatingMethodAccessorImpl.java:25)
	at java.lang.reflect.Method.invoke(Method.java:592)
	at org.testng.internal.MethodHelper.invokeMethod(MethodHelper.java:607)
	at org.testng.internal.Invoker.invokeMethod(Invoker.java:517)
	at org.testng.internal.Invoker.invokeTestMethod(Invoker.java:669)
	at org.testng.internal.Invoker.invokeTestMethods(Invoker.java:956)
	at org.testng.internal.TestMethodWorker.invokeTestMethods(TestMethodWorker.java:126)
	at org.testng.internal.TestMethodWorker.run(TestMethodWorker.java:110)
	at org.testng.TestRunner.runWorkers(TestRunner.java:759)
	at org.testng.TestRunner.privateRun(TestRunner.java:592)
	at org.testng.TestRunner.run(TestRunner.java:486)
	at org.testng.SuiteRunner.runTest(SuiteRunner.java:332)
	at org.testng.SuiteRunner.runSequentially(SuiteRunner.java:327)
	at org.testng.SuiteRunner.privateRun(SuiteRunner.java:299)
	at org.testng.SuiteRunner.run(SuiteRunner.java:204)
	at org.testng.TestNG.createAndRunSuiteRunners(TestNG.java:877)
	at org.testng.TestNG.runSuitesLocally(TestNG.java:842)
	at org.testng.TestNG.run(TestNG.java:751)
	at org.testng.remote.RemoteTestNG.run(RemoteTestNG.java:73)
	at org.testng.remote.RemoteTestNG.main(RemoteTestNG.java:124)
</pre></div></td>
</tr>
<tr>
<td title='org.openspotlight.bundle.dap.language.java.resolver.TestIntegratedMethodResolution.getMethodParameterizedByClass()'>getMethodParameterizedByClass</td>
<td>18</td>
<td><div><pre>org.openspotlight.bundle.dap.language.java.resolver.SLBundleException
	at org.openspotlight.bundle.dap.language.java.resolver.MethodResolver.getMethod(MethodResolver.java:359)
	at org.openspotlight.bundle.dap.language.java.resolver.TestIntegratedMethodResolution.getMethodParameterizedByClass(TestIntegratedMethodResolution.java:458)
... Removed 22 stack frames</pre></div><a href='#' onClick='toggleBox("stack-trace10862273", this, "Click to show all stack frames", "Click to hide stack frames")'>Click to show all stack frames</a>
<div class='stack-trace' id='stack-trace10862273'><pre>org.openspotlight.bundle.dap.language.java.resolver.SLBundleException
	at org.openspotlight.bundle.dap.language.java.resolver.MethodResolver.getMethod(MethodResolver.java:359)
	at org.openspotlight.bundle.dap.language.java.resolver.TestIntegratedMethodResolution.getMethodParameterizedByClass(TestIntegratedMethodResolution.java:458)
	at sun.reflect.NativeMethodAccessorImpl.invoke0(Native Method)
	at sun.reflect.NativeMethodAccessorImpl.invoke(NativeMethodAccessorImpl.java:39)
	at sun.reflect.DelegatingMethodAccessorImpl.invoke(DelegatingMethodAccessorImpl.java:25)
	at java.lang.reflect.Method.invoke(Method.java:592)
	at org.testng.internal.MethodHelper.invokeMethod(MethodHelper.java:607)
	at org.testng.internal.Invoker.invokeMethod(Invoker.java:517)
	at org.testng.internal.Invoker.invokeTestMethod(Invoker.java:669)
	at org.testng.internal.Invoker.invokeTestMethods(Invoker.java:956)
	at org.testng.internal.TestMethodWorker.invokeTestMethods(TestMethodWorker.java:126)
	at org.testng.internal.TestMethodWorker.run(TestMethodWorker.java:110)
	at org.testng.TestRunner.runWorkers(TestRunner.java:759)
	at org.testng.TestRunner.privateRun(TestRunner.java:592)
	at org.testng.TestRunner.run(TestRunner.java:486)
	at org.testng.SuiteRunner.runTest(SuiteRunner.java:332)
	at org.testng.SuiteRunner.runSequentially(SuiteRunner.java:327)
	at org.testng.SuiteRunner.privateRun(SuiteRunner.java:299)
	at org.testng.SuiteRunner.run(SuiteRunner.java:204)
	at org.testng.TestNG.createAndRunSuiteRunners(TestNG.java:877)
	at org.testng.TestNG.runSuitesLocally(TestNG.java:842)
	at org.testng.TestNG.run(TestNG.java:751)
	at org.testng.remote.RemoteTestNG.run(RemoteTestNG.java:73)
	at org.testng.remote.RemoteTestNG.main(RemoteTestNG.java:124)
</pre></div></td>
</tr>
<tr>
<td title='org.openspotlight.bundle.dap.language.java.resolver.TestIntegratedMethodResolution.getMethodParameterizedByMethod()'>getMethodParameterizedByMethod</td>
<td>21</td>
<td><div><pre>org.openspotlight.bundle.dap.language.java.resolver.SLBundleException
	at org.openspotlight.bundle.dap.language.java.resolver.MethodResolver.getMethod(MethodResolver.java:359)
	at org.openspotlight.bundle.dap.language.java.resolver.TestIntegratedMethodResolution.getMethodParameterizedByMethod(TestIntegratedMethodResolution.java:517)
... Removed 22 stack frames</pre></div><a href='#' onClick='toggleBox("stack-trace4971178", this, "Click to show all stack frames", "Click to hide stack frames")'>Click to show all stack frames</a>
<div class='stack-trace' id='stack-trace4971178'><pre>org.openspotlight.bundle.dap.language.java.resolver.SLBundleException
	at org.openspotlight.bundle.dap.language.java.resolver.MethodResolver.getMethod(MethodResolver.java:359)
	at org.openspotlight.bundle.dap.language.java.resolver.TestIntegratedMethodResolution.getMethodParameterizedByMethod(TestIntegratedMethodResolution.java:517)
	at sun.reflect.NativeMethodAccessorImpl.invoke0(Native Method)
	at sun.reflect.NativeMethodAccessorImpl.invoke(NativeMethodAccessorImpl.java:39)
	at sun.reflect.DelegatingMethodAccessorImpl.invoke(DelegatingMethodAccessorImpl.java:25)
	at java.lang.reflect.Method.invoke(Method.java:592)
	at org.testng.internal.MethodHelper.invokeMethod(MethodHelper.java:607)
	at org.testng.internal.Invoker.invokeMethod(Invoker.java:517)
	at org.testng.internal.Invoker.invokeTestMethod(Invoker.java:669)
	at org.testng.internal.Invoker.invokeTestMethods(Invoker.java:956)
	at org.testng.internal.TestMethodWorker.invokeTestMethods(TestMethodWorker.java:126)
	at org.testng.internal.TestMethodWorker.run(TestMethodWorker.java:110)
	at org.testng.TestRunner.runWorkers(TestRunner.java:759)
	at org.testng.TestRunner.privateRun(TestRunner.java:592)
	at org.testng.TestRunner.run(TestRunner.java:486)
	at org.testng.SuiteRunner.runTest(SuiteRunner.java:332)
	at org.testng.SuiteRunner.runSequentially(SuiteRunner.java:327)
	at org.testng.SuiteRunner.privateRun(SuiteRunner.java:299)
	at org.testng.SuiteRunner.run(SuiteRunner.java:204)
	at org.testng.TestNG.createAndRunSuiteRunners(TestNG.java:877)
	at org.testng.TestNG.runSuitesLocally(TestNG.java:842)
	at org.testng.TestNG.run(TestNG.java:751)
	at org.testng.remote.RemoteTestNG.run(RemoteTestNG.java:73)
	at org.testng.remote.RemoteTestNG.main(RemoteTestNG.java:124)
</pre></div></td>
</tr>
<tr>
<td title='org.openspotlight.bundle.dap.language.java.resolver.TestIntegratedMethodResolution.getMethodSeveralTypeParameter()'>getMethodSeveralTypeParameter</td>
<td>0</td>
<td><div><pre>org.openspotlight.bundle.dap.language.java.resolver.SLBundleException
	at org.openspotlight.bundle.dap.language.java.resolver.MethodResolver.getMethod(MethodResolver.java:359)
	at org.openspotlight.bundle.dap.language.java.resolver.TestIntegratedMethodResolution.getMethodSeveralTypeParameter(TestIntegratedMethodResolution.java:545)
... Removed 22 stack frames</pre></div><a href='#' onClick='toggleBox("stack-trace2189483", this, "Click to show all stack frames", "Click to hide stack frames")'>Click to show all stack frames</a>
<div class='stack-trace' id='stack-trace2189483'><pre>org.openspotlight.bundle.dap.language.java.resolver.SLBundleException
	at org.openspotlight.bundle.dap.language.java.resolver.MethodResolver.getMethod(MethodResolver.java:359)
	at org.openspotlight.bundle.dap.language.java.resolver.TestIntegratedMethodResolution.getMethodSeveralTypeParameter(TestIntegratedMethodResolution.java:545)
	at sun.reflect.NativeMethodAccessorImpl.invoke0(Native Method)
	at sun.reflect.NativeMethodAccessorImpl.invoke(NativeMethodAccessorImpl.java:39)
	at sun.reflect.DelegatingMethodAccessorImpl.invoke(DelegatingMethodAccessorImpl.java:25)
	at java.lang.reflect.Method.invoke(Method.java:592)
	at org.testng.internal.MethodHelper.invokeMethod(MethodHelper.java:607)
	at org.testng.internal.Invoker.invokeMethod(Invoker.java:517)
	at org.testng.internal.Invoker.invokeTestMethod(Invoker.java:669)
	at org.testng.internal.Invoker.invokeTestMethods(Invoker.java:956)
	at org.testng.internal.TestMethodWorker.invokeTestMethods(TestMethodWorker.java:126)
	at org.testng.internal.TestMethodWorker.run(TestMethodWorker.java:110)
	at org.testng.TestRunner.runWorkers(TestRunner.java:759)
	at org.testng.TestRunner.privateRun(TestRunner.java:592)
	at org.testng.TestRunner.run(TestRunner.java:486)
	at org.testng.SuiteRunner.runTest(SuiteRunner.java:332)
	at org.testng.SuiteRunner.runSequentially(SuiteRunner.java:327)
	at org.testng.SuiteRunner.privateRun(SuiteRunner.java:299)
	at org.testng.SuiteRunner.run(SuiteRunner.java:204)
	at org.testng.TestNG.createAndRunSuiteRunners(TestNG.java:877)
	at org.testng.TestNG.runSuitesLocally(TestNG.java:842)
	at org.testng.TestNG.run(TestNG.java:751)
	at org.testng.remote.RemoteTestNG.run(RemoteTestNG.java:73)
	at org.testng.remote.RemoteTestNG.main(RemoteTestNG.java:124)
</pre></div></td>
</tr>
<tr>
<td title='org.openspotlight.bundle.dap.language.java.resolver.TestIntegratedMethodResolution.getMethodSeveralTypeParameterHierarchy()'>getMethodSeveralTypeParameterHierarchy</td>
<td>2</td>
<td><div><pre>org.openspotlight.bundle.dap.language.java.resolver.SLBundleException
	at org.openspotlight.bundle.dap.language.java.resolver.MethodResolver.getMethod(MethodResolver.java:359)
	at org.openspotlight.bundle.dap.language.java.resolver.TestIntegratedMethodResolution.getMethodSeveralTypeParameterHierarchy(TestIntegratedMethodResolution.java:572)
... Removed 22 stack frames</pre></div><a href='#' onClick='toggleBox("stack-trace3337441", this, "Click to show all stack frames", "Click to hide stack frames")'>Click to show all stack frames</a>
<div class='stack-trace' id='stack-trace3337441'><pre>org.openspotlight.bundle.dap.language.java.resolver.SLBundleException
	at org.openspotlight.bundle.dap.language.java.resolver.MethodResolver.getMethod(MethodResolver.java:359)
	at org.openspotlight.bundle.dap.language.java.resolver.TestIntegratedMethodResolution.getMethodSeveralTypeParameterHierarchy(TestIntegratedMethodResolution.java:572)
	at sun.reflect.NativeMethodAccessorImpl.invoke0(Native Method)
	at sun.reflect.NativeMethodAccessorImpl.invoke(NativeMethodAccessorImpl.java:39)
	at sun.reflect.DelegatingMethodAccessorImpl.invoke(DelegatingMethodAccessorImpl.java:25)
	at java.lang.reflect.Method.invoke(Method.java:592)
	at org.testng.internal.MethodHelper.invokeMethod(MethodHelper.java:607)
	at org.testng.internal.Invoker.invokeMethod(Invoker.java:517)
	at org.testng.internal.Invoker.invokeTestMethod(Invoker.java:669)
	at org.testng.internal.Invoker.invokeTestMethods(Invoker.java:956)
	at org.testng.internal.TestMethodWorker.invokeTestMethods(TestMethodWorker.java:126)
	at org.testng.internal.TestMethodWorker.run(TestMethodWorker.java:110)
	at org.testng.TestRunner.runWorkers(TestRunner.java:759)
	at org.testng.TestRunner.privateRun(TestRunner.java:592)
	at org.testng.TestRunner.run(TestRunner.java:486)
	at org.testng.SuiteRunner.runTest(SuiteRunner.java:332)
	at org.testng.SuiteRunner.runSequentially(SuiteRunner.java:327)
	at org.testng.SuiteRunner.privateRun(SuiteRunner.java:299)
	at org.testng.SuiteRunner.run(SuiteRunner.java:204)
	at org.testng.TestNG.createAndRunSuiteRunners(TestNG.java:877)
	at org.testng.TestNG.runSuitesLocally(TestNG.java:842)
	at org.testng.TestNG.run(TestNG.java:751)
	at org.testng.remote.RemoteTestNG.run(RemoteTestNG.java:73)
	at org.testng.remote.RemoteTestNG.main(RemoteTestNG.java:124)
</pre></div></td>
</tr>
<tr>
<td title='org.openspotlight.bundle.dap.language.java.resolver.TestIntegratedMethodResolution.resolveMethodOneSimpleTypeParameterWithHierarchy()'>resolveMethodOneSimpleTypeParameterWithHierarchy</td>
<td>1</td>
<td><div><pre>org.openspotlight.bundle.dap.language.java.resolver.SLBundleException
	at org.openspotlight.bundle.dap.language.java.resolver.MethodResolver.getMethod(MethodResolver.java:359)
	at org.openspotlight.bundle.dap.language.java.resolver.TestIntegratedMethodResolution.resolveMethodOneSimpleTypeParameterWithHierarchy(TestIntegratedMethodResolution.java:685)
... Removed 22 stack frames</pre></div><a href='#' onClick='toggleBox("stack-trace13016197", this, "Click to show all stack frames", "Click to hide stack frames")'>Click to show all stack frames</a>
<div class='stack-trace' id='stack-trace13016197'><pre>org.openspotlight.bundle.dap.language.java.resolver.SLBundleException
	at org.openspotlight.bundle.dap.language.java.resolver.MethodResolver.getMethod(MethodResolver.java:359)
	at org.openspotlight.bundle.dap.language.java.resolver.TestIntegratedMethodResolution.resolveMethodOneSimpleTypeParameterWithHierarchy(TestIntegratedMethodResolution.java:685)
	at sun.reflect.NativeMethodAccessorImpl.invoke0(Native Method)
	at sun.reflect.NativeMethodAccessorImpl.invoke(NativeMethodAccessorImpl.java:39)
	at sun.reflect.DelegatingMethodAccessorImpl.invoke(DelegatingMethodAccessorImpl.java:25)
	at java.lang.reflect.Method.invoke(Method.java:592)
	at org.testng.internal.MethodHelper.invokeMethod(MethodHelper.java:607)
	at org.testng.internal.Invoker.invokeMethod(Invoker.java:517)
	at org.testng.internal.Invoker.invokeTestMethod(Invoker.java:669)
	at org.testng.internal.Invoker.invokeTestMethods(Invoker.java:956)
	at org.testng.internal.TestMethodWorker.invokeTestMethods(TestMethodWorker.java:126)
	at org.testng.internal.TestMethodWorker.run(TestMethodWorker.java:110)
	at org.testng.TestRunner.runWorkers(TestRunner.java:759)
	at org.testng.TestRunner.privateRun(TestRunner.java:592)
	at org.testng.TestRunner.run(TestRunner.java:486)
	at org.testng.SuiteRunner.runTest(SuiteRunner.java:332)
	at org.testng.SuiteRunner.runSequentially(SuiteRunner.java:327)
	at org.testng.SuiteRunner.privateRun(SuiteRunner.java:299)
	at org.testng.SuiteRunner.run(SuiteRunner.java:204)
	at org.testng.TestNG.createAndRunSuiteRunners(TestNG.java:877)
	at org.testng.TestNG.runSuitesLocally(TestNG.java:842)
	at org.testng.TestNG.run(TestNG.java:751)
	at org.testng.remote.RemoteTestNG.run(RemoteTestNG.java:73)
	at org.testng.remote.RemoteTestNG.main(RemoteTestNG.java:124)
</pre></div></td>
</tr>
<tr>
<td title='org.openspotlight.bundle.dap.language.java.resolver.TestIntegratedMethodResolution.testCache()'>testCache</td>
<td>4</td>
<td><div><pre>org.openspotlight.bundle.dap.language.java.resolver.SLBundleException
	at org.openspotlight.bundle.dap.language.java.resolver.MethodResolver.getMethod(MethodResolver.java:359)
	at org.openspotlight.bundle.dap.language.java.resolver.TestIntegratedMethodResolution.testCache(TestIntegratedMethodResolution.java:811)
... Removed 22 stack frames</pre></div><a href='#' onClick='toggleBox("stack-trace15374080", this, "Click to show all stack frames", "Click to hide stack frames")'>Click to show all stack frames</a>
<div class='stack-trace' id='stack-trace15374080'><pre>org.openspotlight.bundle.dap.language.java.resolver.SLBundleException
	at org.openspotlight.bundle.dap.language.java.resolver.MethodResolver.getMethod(MethodResolver.java:359)
	at org.openspotlight.bundle.dap.language.java.resolver.TestIntegratedMethodResolution.testCache(TestIntegratedMethodResolution.java:811)
	at sun.reflect.NativeMethodAccessorImpl.invoke0(Native Method)
	at sun.reflect.NativeMethodAccessorImpl.invoke(NativeMethodAccessorImpl.java:39)
	at sun.reflect.DelegatingMethodAccessorImpl.invoke(DelegatingMethodAccessorImpl.java:25)
	at java.lang.reflect.Method.invoke(Method.java:592)
	at org.testng.internal.MethodHelper.invokeMethod(MethodHelper.java:607)
	at org.testng.internal.Invoker.invokeMethod(Invoker.java:517)
	at org.testng.internal.Invoker.invokeTestMethod(Invoker.java:669)
	at org.testng.internal.Invoker.invokeTestMethods(Invoker.java:956)
	at org.testng.internal.TestMethodWorker.invokeTestMethods(TestMethodWorker.java:126)
	at org.testng.internal.TestMethodWorker.run(TestMethodWorker.java:110)
	at org.testng.TestRunner.runWorkers(TestRunner.java:759)
	at org.testng.TestRunner.privateRun(TestRunner.java:592)
	at org.testng.TestRunner.run(TestRunner.java:486)
	at org.testng.SuiteRunner.runTest(SuiteRunner.java:332)
	at org.testng.SuiteRunner.runSequentially(SuiteRunner.java:327)
	at org.testng.SuiteRunner.privateRun(SuiteRunner.java:299)
	at org.testng.SuiteRunner.run(SuiteRunner.java:204)
	at org.testng.TestNG.createAndRunSuiteRunners(TestNG.java:877)
	at org.testng.TestNG.runSuitesLocally(TestNG.java:842)
	at org.testng.TestNG.run(TestNG.java:751)
	at org.testng.remote.RemoteTestNG.run(RemoteTestNG.java:73)
	at org.testng.remote.RemoteTestNG.main(RemoteTestNG.java:124)
</pre></div></td>
</tr>
</table><p>
<table width='100%' border='1' class='invocation-passed'>
<tr><td colspan='3' align='center'><b>PASSED TESTS</b></td></tr>
<tr><td><b>Test method</b></td>
<td width="10%"><b>Time (seconds)</b></td>
<td width="30%"><b>Exception</b></td>
</tr>
<tr>
<td title='org.openspotlight.bundle.dap.language.java.resolver.TestIntegratedMethodResolution.getMethodBetween5MatchesBoxingNotAllowed()'>getMethodBetween5MatchesBoxingNotAllowed</td>
<td>12</td>
<td><div><pre>org.openspotlight.bundle.dap.language.java.resolver.SLBundleException
	at org.openspotlight.bundle.dap.language.java.resolver.MethodResolver.getMethod(MethodResolver.java:359)
	at org.openspotlight.bundle.dap.language.java.resolver.TestIntegratedMethodResolution.getMethodBetween5MatchesBoxingNotAllowed(TestIntegratedMethodResolution.java:366)
... Removed 22 stack frames</pre></div><a href='#' onClick='toggleBox("stack-trace9462886", this, "Click to show all stack frames", "Click to hide stack frames")'>Click to show all stack frames</a>
<div class='stack-trace' id='stack-trace9462886'><pre>org.openspotlight.bundle.dap.language.java.resolver.SLBundleException
	at org.openspotlight.bundle.dap.language.java.resolver.MethodResolver.getMethod(MethodResolver.java:359)
	at org.openspotlight.bundle.dap.language.java.resolver.TestIntegratedMethodResolution.getMethodBetween5MatchesBoxingNotAllowed(TestIntegratedMethodResolution.java:366)
	at sun.reflect.NativeMethodAccessorImpl.invoke0(Native Method)
	at sun.reflect.NativeMethodAccessorImpl.invoke(NativeMethodAccessorImpl.java:39)
	at sun.reflect.DelegatingMethodAccessorImpl.invoke(DelegatingMethodAccessorImpl.java:25)
	at java.lang.reflect.Method.invoke(Method.java:592)
	at org.testng.internal.MethodHelper.invokeMethod(MethodHelper.java:607)
	at org.testng.internal.Invoker.invokeMethod(Invoker.java:517)
	at org.testng.internal.Invoker.invokeTestMethod(Invoker.java:669)
	at org.testng.internal.Invoker.invokeTestMethods(Invoker.java:956)
	at org.testng.internal.TestMethodWorker.invokeTestMethods(TestMethodWorker.java:126)
	at org.testng.internal.TestMethodWorker.run(TestMethodWorker.java:110)
	at org.testng.TestRunner.runWorkers(TestRunner.java:759)
	at org.testng.TestRunner.privateRun(TestRunner.java:592)
	at org.testng.TestRunner.run(TestRunner.java:486)
	at org.testng.SuiteRunner.runTest(SuiteRunner.java:332)
	at org.testng.SuiteRunner.runSequentially(SuiteRunner.java:327)
	at org.testng.SuiteRunner.privateRun(SuiteRunner.java:299)
	at org.testng.SuiteRunner.run(SuiteRunner.java:204)
	at org.testng.TestNG.createAndRunSuiteRunners(TestNG.java:877)
	at org.testng.TestNG.runSuitesLocally(TestNG.java:842)
	at org.testng.TestNG.run(TestNG.java:751)
	at org.testng.remote.RemoteTestNG.run(RemoteTestNG.java:73)
	at org.testng.remote.RemoteTestNG.main(RemoteTestNG.java:124)
</pre></div></td>
</tr>
<tr>
<td title='org.openspotlight.bundle.dap.language.java.resolver.TestIntegratedMethodResolution.getMethodInfinitiLooping()'>getMethodInfinitiLooping</td>
<td>4</td>
<td><div><pre>org.openspotlight.bundle.dap.language.java.resolver.SLBundleException
	at org.openspotlight.bundle.dap.language.java.resolver.MethodResolver.getMethod(MethodResolver.java:359)
	at org.openspotlight.bundle.dap.language.java.resolver.TestIntegratedMethodResolution.getMethodInfinitiLooping(TestIntegratedMethodResolution.java:389)
... Removed 22 stack frames</pre></div><a href='#' onClick='toggleBox("stack-trace5429158", this, "Click to show all stack frames", "Click to hide stack frames")'>Click to show all stack frames</a>
<div class='stack-trace' id='stack-trace5429158'><pre>org.openspotlight.bundle.dap.language.java.resolver.SLBundleException
	at org.openspotlight.bundle.dap.language.java.resolver.MethodResolver.getMethod(MethodResolver.java:359)
	at org.openspotlight.bundle.dap.language.java.resolver.TestIntegratedMethodResolution.getMethodInfinitiLooping(TestIntegratedMethodResolution.java:389)
	at sun.reflect.NativeMethodAccessorImpl.invoke0(Native Method)
	at sun.reflect.NativeMethodAccessorImpl.invoke(NativeMethodAccessorImpl.java:39)
	at sun.reflect.DelegatingMethodAccessorImpl.invoke(DelegatingMethodAccessorImpl.java:25)
	at java.lang.reflect.Method.invoke(Method.java:592)
	at org.testng.internal.MethodHelper.invokeMethod(MethodHelper.java:607)
	at org.testng.internal.Invoker.invokeMethod(Invoker.java:517)
	at org.testng.internal.Invoker.invokeTestMethod(Invoker.java:669)
	at org.testng.internal.Invoker.invokeTestMethods(Invoker.java:956)
	at org.testng.internal.TestMethodWorker.invokeTestMethods(TestMethodWorker.java:126)
	at org.testng.internal.TestMethodWorker.run(TestMethodWorker.java:110)
	at org.testng.TestRunner.runWorkers(TestRunner.java:759)
	at org.testng.TestRunner.privateRun(TestRunner.java:592)
	at org.testng.TestRunner.run(TestRunner.java:486)
	at org.testng.SuiteRunner.runTest(SuiteRunner.java:332)
	at org.testng.SuiteRunner.runSequentially(SuiteRunner.java:327)
	at org.testng.SuiteRunner.privateRun(SuiteRunner.java:299)
	at org.testng.SuiteRunner.run(SuiteRunner.java:204)
	at org.testng.TestNG.createAndRunSuiteRunners(TestNG.java:877)
	at org.testng.TestNG.runSuitesLocally(TestNG.java:842)
	at org.testng.TestNG.run(TestNG.java:751)
	at org.testng.remote.RemoteTestNG.run(RemoteTestNG.java:73)
	at org.testng.remote.RemoteTestNG.main(RemoteTestNG.java:124)
</pre></div></td>
</tr>
<tr>
<td title='org.openspotlight.bundle.dap.language.java.resolver.TestIntegratedMethodResolution.notFoundMethodOneSimpleTypeParameterWithHierarchy()'>notFoundMethodOneSimpleTypeParameterWithHierarchy</td>
<td>0</td>
<td><div><pre>org.openspotlight.bundle.dap.language.java.resolver.SLBundleException
	at org.openspotlight.bundle.dap.language.java.resolver.MethodResolver.getMethod(MethodResolver.java:359)
	at org.openspotlight.bundle.dap.language.java.resolver.TestIntegratedMethodResolution.notFoundMethodOneSimpleTypeParameterWithHierarchy(TestIntegratedMethodResolution.java:595)
... Removed 22 stack frames</pre></div><a href='#' onClick='toggleBox("stack-trace1950058", this, "Click to show all stack frames", "Click to hide stack frames")'>Click to show all stack frames</a>
<div class='stack-trace' id='stack-trace1950058'><pre>org.openspotlight.bundle.dap.language.java.resolver.SLBundleException
	at org.openspotlight.bundle.dap.language.java.resolver.MethodResolver.getMethod(MethodResolver.java:359)
	at org.openspotlight.bundle.dap.language.java.resolver.TestIntegratedMethodResolution.notFoundMethodOneSimpleTypeParameterWithHierarchy(TestIntegratedMethodResolution.java:595)
	at sun.reflect.NativeMethodAccessorImpl.invoke0(Native Method)
	at sun.reflect.NativeMethodAccessorImpl.invoke(NativeMethodAccessorImpl.java:39)
	at sun.reflect.DelegatingMethodAccessorImpl.invoke(DelegatingMethodAccessorImpl.java:25)
	at java.lang.reflect.Method.invoke(Method.java:592)
	at org.testng.internal.MethodHelper.invokeMethod(MethodHelper.java:607)
	at org.testng.internal.Invoker.invokeMethod(Invoker.java:517)
	at org.testng.internal.Invoker.invokeTestMethod(Invoker.java:669)
	at org.testng.internal.Invoker.invokeTestMethods(Invoker.java:956)
	at org.testng.internal.TestMethodWorker.invokeTestMethods(TestMethodWorker.java:126)
	at org.testng.internal.TestMethodWorker.run(TestMethodWorker.java:110)
	at org.testng.TestRunner.runWorkers(TestRunner.java:759)
	at org.testng.TestRunner.privateRun(TestRunner.java:592)
	at org.testng.TestRunner.run(TestRunner.java:486)
	at org.testng.SuiteRunner.runTest(SuiteRunner.java:332)
	at org.testng.SuiteRunner.runSequentially(SuiteRunner.java:327)
	at org.testng.SuiteRunner.privateRun(SuiteRunner.java:299)
	at org.testng.SuiteRunner.run(SuiteRunner.java:204)
	at org.testng.TestNG.createAndRunSuiteRunners(TestNG.java:877)
	at org.testng.TestNG.runSuitesLocally(TestNG.java:842)
	at org.testng.TestNG.run(TestNG.java:751)
	at org.testng.remote.RemoteTestNG.run(RemoteTestNG.java:73)
	at org.testng.remote.RemoteTestNG.main(RemoteTestNG.java:124)
</pre></div></td>
</tr>
<tr>
<td title='org.openspotlight.bundle.dap.language.java.resolver.TestIntegratedMethodResolution.resolveExtendedMethod()'>resolveExtendedMethod</td>
<td>0</td>
<td></td>
</tr>
<tr>
<td title='org.openspotlight.bundle.dap.language.java.resolver.TestIntegratedMethodResolution.resolveMethodOnParent()'>resolveMethodOnParent</td>
<td>0</td>
<td></td>
</tr>
<tr>
<td title='org.openspotlight.bundle.dap.language.java.resolver.TestIntegratedMethodResolution.resolveMethodOnParentFiveLevels()'>resolveMethodOnParentFiveLevels</td>
<td>0</td>
<td></td>
</tr>
<tr>
<td title='org.openspotlight.bundle.dap.language.java.resolver.TestIntegratedMethodResolution.resolveMethodOnParentFiveLevelsFoundOnFirstLevel()'>resolveMethodOnParentFiveLevelsFoundOnFirstLevel</td>
<td>0</td>
<td></td>
</tr>
<tr>
<td title='org.openspotlight.bundle.dap.language.java.resolver.TestIntegratedMethodResolution.resolveMethodOnParentFiveLevelsFoundOnThirdLevel()'>resolveMethodOnParentFiveLevelsFoundOnThirdLevel</td>
<td>0</td>
<td></td>
</tr>
<tr>
<td title='org.openspotlight.bundle.dap.language.java.resolver.TestIntegratedMethodResolution.resolveMethodOnParentSecondLevel()'>resolveMethodOnParentSecondLevel</td>
<td>0</td>
<td></td>
</tr>
<tr>
<td title='org.openspotlight.bundle.dap.language.java.resolver.TestIntegratedMethodResolution.resolveMethodOnePrimitiveParameter()'>resolveMethodOnePrimitiveParameter</td>
<td>1</td>
<td></td>
</tr>
<tr>
<td title='org.openspotlight.bundle.dap.language.java.resolver.TestIntegratedMethodResolution.resolveMethodOneSimpleTypeParameter()'>resolveMethodOneSimpleTypeParameter</td>
<td>1</td>
<td></td>
</tr>
<tr>
<td title='org.openspotlight.bundle.dap.language.java.resolver.TestIntegratedMethodResolution.resolveSimpleMethod()'>resolveSimpleMethod</td>
<td>0</td>
<td></td>
</tr>
<tr>
<td title='org.openspotlight.bundle.dap.language.java.resolver.TestIntegratedMethodResolution.testInvalidParams()'>testInvalidParams</td>
<td>0</td>
<td><div><pre>java.lang.IllegalArgumentException: INVALID PARAMETER
	at org.openspotlight.bundle.dap.language.java.resolver.MethodResolver.getMethod(MethodResolver.java:273)
	at org.openspotlight.bundle.dap.language.java.resolver.MethodResolver.getMethod(MethodResolver.java:253)
	at org.openspotlight.bundle.dap.language.java.resolver.TestIntegratedMethodResolution.testInvalidParams(TestIntegratedMethodResolution.java:826)
... Removed 22 stack frames</pre></div><a href='#' onClick='toggleBox("stack-trace13523661", this, "Click to show all stack frames", "Click to hide stack frames")'>Click to show all stack frames</a>
<div class='stack-trace' id='stack-trace13523661'><pre>java.lang.IllegalArgumentException: INVALID PARAMETER
	at org.openspotlight.bundle.dap.language.java.resolver.MethodResolver.getMethod(MethodResolver.java:273)
	at org.openspotlight.bundle.dap.language.java.resolver.MethodResolver.getMethod(MethodResolver.java:253)
	at org.openspotlight.bundle.dap.language.java.resolver.TestIntegratedMethodResolution.testInvalidParams(TestIntegratedMethodResolution.java:826)
	at sun.reflect.NativeMethodAccessorImpl.invoke0(Native Method)
	at sun.reflect.NativeMethodAccessorImpl.invoke(NativeMethodAccessorImpl.java:39)
	at sun.reflect.DelegatingMethodAccessorImpl.invoke(DelegatingMethodAccessorImpl.java:25)
	at java.lang.reflect.Method.invoke(Method.java:592)
	at org.testng.internal.MethodHelper.invokeMethod(MethodHelper.java:607)
	at org.testng.internal.Invoker.invokeMethod(Invoker.java:517)
	at org.testng.internal.Invoker.invokeTestMethod(Invoker.java:669)
	at org.testng.internal.Invoker.invokeTestMethods(Invoker.java:956)
	at org.testng.internal.TestMethodWorker.invokeTestMethods(TestMethodWorker.java:126)
	at org.testng.internal.TestMethodWorker.run(TestMethodWorker.java:110)
	at org.testng.TestRunner.runWorkers(TestRunner.java:759)
	at org.testng.TestRunner.privateRun(TestRunner.java:592)
	at org.testng.TestRunner.run(TestRunner.java:486)
	at org.testng.SuiteRunner.runTest(SuiteRunner.java:332)
	at org.testng.SuiteRunner.runSequentially(SuiteRunner.java:327)
	at org.testng.SuiteRunner.privateRun(SuiteRunner.java:299)
	at org.testng.SuiteRunner.run(SuiteRunner.java:204)
	at org.testng.TestNG.createAndRunSuiteRunners(TestNG.java:877)
	at org.testng.TestNG.runSuitesLocally(TestNG.java:842)
	at org.testng.TestNG.run(TestNG.java:751)
	at org.testng.remote.RemoteTestNG.run(RemoteTestNG.java:73)
	at org.testng.remote.RemoteTestNG.main(RemoteTestNG.java:124)
</pre></div></td>
</tr>
<tr>
<td title='org.openspotlight.bundle.dap.language.java.resolver.TestIntegratedMethodResolution.testInvalidParamsNullParams()'>testInvalidParamsNullParams</td>
<td>0</td>
<td><div><pre>java.lang.IllegalArgumentException: Parameter named type should be not null!
	at org.openspotlight.common.util.Assertions.checkNotNull(Assertions.java:159)
	at org.openspotlight.bundle.dap.language.java.resolver.MethodResolver.getMethod(MethodResolver.java:269)
	at org.openspotlight.bundle.dap.language.java.resolver.MethodResolver.getMethod(MethodResolver.java:253)
	at org.openspotlight.bundle.dap.language.java.resolver.TestIntegratedMethodResolution.testInvalidParamsNullParams(TestIntegratedMethodResolution.java:831)
... Removed 22 stack frames</pre></div><a href='#' onClick='toggleBox("stack-trace11843809", this, "Click to show all stack frames", "Click to hide stack frames")'>Click to show all stack frames</a>
<div class='stack-trace' id='stack-trace11843809'><pre>java.lang.IllegalArgumentException: Parameter named type should be not null!
	at org.openspotlight.common.util.Assertions.checkNotNull(Assertions.java:159)
	at org.openspotlight.bundle.dap.language.java.resolver.MethodResolver.getMethod(MethodResolver.java:269)
	at org.openspotlight.bundle.dap.language.java.resolver.MethodResolver.getMethod(MethodResolver.java:253)
	at org.openspotlight.bundle.dap.language.java.resolver.TestIntegratedMethodResolution.testInvalidParamsNullParams(TestIntegratedMethodResolution.java:831)
	at sun.reflect.NativeMethodAccessorImpl.invoke0(Native Method)
	at sun.reflect.NativeMethodAccessorImpl.invoke(NativeMethodAccessorImpl.java:39)
	at sun.reflect.DelegatingMethodAccessorImpl.invoke(DelegatingMethodAccessorImpl.java:25)
	at java.lang.reflect.Method.invoke(Method.java:592)
	at org.testng.internal.MethodHelper.invokeMethod(MethodHelper.java:607)
	at org.testng.internal.Invoker.invokeMethod(Invoker.java:517)
	at org.testng.internal.Invoker.invokeTestMethod(Invoker.java:669)
	at org.testng.internal.Invoker.invokeTestMethods(Invoker.java:956)
	at org.testng.internal.TestMethodWorker.invokeTestMethods(TestMethodWorker.java:126)
	at org.testng.internal.TestMethodWorker.run(TestMethodWorker.java:110)
	at org.testng.TestRunner.runWorkers(TestRunner.java:759)
	at org.testng.TestRunner.privateRun(TestRunner.java:592)
	at org.testng.TestRunner.run(TestRunner.java:486)
	at org.testng.SuiteRunner.runTest(SuiteRunner.java:332)
	at org.testng.SuiteRunner.runSequentially(SuiteRunner.java:327)
	at org.testng.SuiteRunner.privateRun(SuiteRunner.java:299)
	at org.testng.SuiteRunner.run(SuiteRunner.java:204)
	at org.testng.TestNG.createAndRunSuiteRunners(TestNG.java:877)
	at org.testng.TestNG.runSuitesLocally(TestNG.java:842)
	at org.testng.TestNG.run(TestNG.java:751)
	at org.testng.remote.RemoteTestNG.run(RemoteTestNG.java:73)
	at org.testng.remote.RemoteTestNG.main(RemoteTestNG.java:124)
</pre></div></td>
</tr>
</table><p>
</body>
</html>